### ISSUE TITLE
Coredump during `nodetool refresh`

### ISSUE THREAD

**Issue by fgelcer** [scylladb/scylladb#14475]
## Issue description

- [ ] This issue is a regression.
- [x] It is unknown if this issue is a regression.

during a nemesis called `NodetoolRefresh` we had a coredump, on 2 nodes:
```
2023-07-02 06:46:20.189: (DisruptionEvent Severity.NORMAL) period_type=begin event_id=1f37546d-c994-4f77-b130-75f261200e0b: nemesis_name=NodetoolRefresh target_node=Node longevity-10gb-3h-master-db-node-b455fe7f-0-6 [35.227.57.126 | 10.142.0.75] (seed: True)
2023-07-02 06:46:25.950: (NodetoolEvent Severity.NORMAL) period_type=begin event_id=42070ac9-52b2-4bd4-9f77-0a60de2f1bc4: nodetool_command=cfstats node=longevity-10gb-3h-master-db-node-b455fe7f-0-6
2023-07-02 06:46:27.817: (NodetoolEvent Severity.NORMAL) period_type=end event_id=42070ac9-52b2-4bd4-9f77-0a60de2f1bc4 duration=1s: nodetool_command=cfstats node=longevity-10gb-3h-master-db-node-b455fe7f-0-6
2023-07-02 06:46:34.070: (NodetoolEvent Severity.NORMAL) period_type=begin event_id=cfc47b97-31d1-40c3-ae62-d8f9821d00db: nodetool_command=refresh node=longevity-10gb-3h-master-db-node-b455fe7f-0-2
2023-07-02 06:46:36.177: (NodetoolEvent Severity.NORMAL) period_type=end event_id=cfc47b97-31d1-40c3-ae62-d8f9821d00db duration=2s: nodetool_command=refresh node=longevity-10gb-3h-master-db-node-b455fe7f-0-2
2023-07-02 06:46:40.486: (NodetoolEvent Severity.NORMAL) period_type=begin event_id=caae0020-688a-4524-a868-48ec8aaff160: nodetool_command=refresh node=longevity-10gb-3h-master-db-node-b455fe7f-0-4
2023-07-02 06:46:43.063: (NodetoolEvent Severity.NORMAL) period_type=end event_id=caae0020-688a-4524-a868-48ec8aaff160 duration=2s: nodetool_command=refresh node=longevity-10gb-3h-master-db-node-b455fe7f-0-4
2023-07-02 06:46:46.916: (NodetoolEvent Severity.NORMAL) period_type=begin event_id=7ac0a63d-ee2c-419c-8929-99e106410b4c: nodetool_command=refresh node=longevity-10gb-3h-master-db-node-b455fe7f-0-6
2023-07-02 06:46:49.517: (NodetoolEvent Severity.NORMAL) period_type=end event_id=7ac0a63d-ee2c-419c-8929-99e106410b4c duration=2s: nodetool_command=refresh node=longevity-10gb-3h-master-db-node-b455fe7f-0-6
2023-07-02 06:46:53.841: (NodetoolEvent Severity.NORMAL) period_type=begin event_id=1b59a26b-3498-47da-a6ed-8870f8ff5676: nodetool_command=refresh node=longevity-10gb-3h-master-db-node-b455fe7f-0-9
2023-07-02 06:46:55.938: (NodetoolEvent Severity.NORMAL) period_type=end event_id=1b59a26b-3498-47da-a6ed-8870f8ff5676 duration=2s: nodetool_command=refresh node=longevity-10gb-3h-master-db-node-b455fe7f-0-9
2023-07-02 06:47:01.106: (NodetoolEvent Severity.NORMAL) period_type=begin event_id=3d15b11c-8db6-4d72-a5f9-4605845c0c4c: nodetool_command=refresh node=longevity-10gb-3h-master-db-node-b455fe7f-0-10
2023-07-02 06:47:03.675: (NodetoolEvent Severity.NORMAL) period_type=end event_id=3d15b11c-8db6-4d72-a5f9-4605845c0c4c duration=2s: nodetool_command=refresh node=longevity-10gb-3h-master-db-node-b455fe7f-0-10
2023-07-02 06:47:08.463: (NodetoolEvent Severity.NORMAL) period_type=begin event_id=373b6121-e6ec-423c-b2e5-4fe23edbca3a: nodetool_command=refresh node=longevity-10gb-3h-master-db-node-b455fe7f-0-11
2023-07-02 06:47:10.038: (NodetoolEvent Severity.NORMAL) period_type=end event_id=373b6121-e6ec-423c-b2e5-4fe23edbca3a duration=1s: nodetool_command=refresh node=longevity-10gb-3h-master-db-node-b455fe7f-0-11
2023-07-02 06:47:11.869: (DisruptionEvent Severity.NORMAL) period_type=end event_id=1f37546d-c994-4f77-b130-75f261200e0b duration=51s: nemesis_name=NodetoolRefresh target_node=Node longevity-10gb-3h-master-db-node-b455fe7f-0-6 [35.227.57.126 | 10.142.0.75] (seed: True)
```

on node-9:
```
2023-07-02 06:54:04.662 <2023-07-02 06:47:05.000>: (CoreDumpEvent Severity.ERROR) period_type=one-time event_id=3e4dbbe9-d65b-4a9c-9bd8-8fe680f12a08 node=Node longevity-10gb-3h-master-db-node-b455fe7f-0-9 [35.185.4.246 | 10.142.0.89] (seed: True)
corefile_url=https://storage.cloud.google.com/upload.scylladb.com/core.scylla.113.4da4d752274046bd9da3b3f49f0bcf0b.6184.1688280425000000/core.scylla.113.4da4d752274046bd9da3b3f49f0bcf0b.6184.1688280425000000.gz
backtrace=           PID: 6184 (scylla)
UID: 113 (scylla)
GID: 120 (scylla)
Signal: 11 (SEGV)
Timestamp: Sun 2023-07-02 06:47:05 UTC (3min 11s ago)
Command Line: /usr/bin/scylla --blocked-reactor-notify-ms 25 --abort-on-lsa-bad-alloc 1 --abort-on-seastar-bad-alloc --abort-on-internal-error 1 --abort-on-ebadf 1 --enable-sstable-key-validation 1 --log-to-syslog 1 --log-to-stdout 0 --default-log-level info --network-stack posix --io-properties-file=/etc/scylla.d/io_properties.yaml --cpuset 1-7,9-15 --lock-memory=1
Executable: /opt/scylladb/libexec/scylla
Control Group: /scylla.slice/scylla-server.slice/scylla-server.service
Unit: scylla-server.service
Slice: scylla-server.slice
Boot ID: 4da4d752274046bd9da3b3f49f0bcf0b
Machine ID: 00202e7a162a4eb929c8c37fa7fbedc2
Hostname: longevity-10gb-3h-master-db-node-b455fe7f-0-9
Storage: /var/lib/systemd/coredump/core.scylla.113.4da4d752274046bd9da3b3f49f0bcf0b.6184.1688280425000000 (present)
Disk Size: 94.3G
Message: Process 6184 (scylla) of user 113 dumped core.
Found module linux-vdso.so.1 with build-id: d08587a00565d2294148fe53b06446209aec7ce0
Found module libcrypto.so.3 with build-id: 5f86a956fe1375ca4bcc060da69449c1840d3ddd
Metadata for module libcrypto.so.3 owned by FDO found: {
"type" : "rpm",
"name" : "openssl",
"version" : "3.0.8-1.fc37",
"architecture" : "x86_64",
"osCpe" : "cpe:/o:fedoraproject:fedora:37"
}
Found module libssl.so.3 with build-id: ec66552a3db19f64f2810273283ab3f335f6d9a0
Metadata for module libssl.so.3 owned by FDO found: {
"type" : "rpm",
"name" : "openssl",
"version" : "3.0.8-1.fc37",
"architecture" : "x86_64",
"osCpe" : "cpe:/o:fedoraproject:fedora:37"
}
Found module libzstd.so.1 with build-id: acc023d4e29c24327ef3e1a7ad9cf6185421b16b
Metadata for module libzstd.so.1 owned by FDO found: {
"type" : "rpm",
"name" : "zstd",
"version" : "1.5.5-1.fc37",
"architecture" : "x86_64",
"osCpe" : "cpe:/o:fedoraproject:fedora:37"
}
Found module liblzma.so.5 with build-id: 229e4304be252acde566b640d512c5daf306b971
Metadata for module liblzma.so.5 owned by FDO found: {
"type" : "rpm",
"name" : "xz",
"version" : "5.4.1-1.fc37",
"architecture" : "x86_64",
"osCpe" : "cpe:/o:fedoraproject:fedora:37"
}
Found module libcap.so.2 with build-id: f3f24bb6e411e3885602e753eda1e764fc1f5bfb
Metadata for module libcap.so.2 owned by FDO found: {
"type" : "rpm",
"name" : "libcap",
"version" : "2.48-5.fc37",
"architecture" : "x86_64",
"osCpe" : "cpe:/o:fedoraproject:fedora:37"
}
Found module libicudata.so.71 with build-id: 47276216e74b87c4b9bd01ac85c7bf332e6f2aed
Metadata for module libicudata.so.71 owned by FDO found: {
"type" : "rpm",
"name" : "icu",
"version" : "71.1-2.fc37",
"architecture" : "x86_64",
"osCpe" : "cpe:/o:fedoraproject:fedora:37"
}
Found module libffi.so.8 with build-id: 56594b436dfdeaf3559f3dd0748c0e476cca46de
Metadata for module libffi.so.8 owned by FDO found: {
"type" : "rpm",
"name" : "libffi",
"version" : "3.4.4-1.fc37",
"architecture" : "x86_64",
"osCpe" : "cpe:/o:fedoraproject:fedora:37"
}
Found module ld.so with build-id: bb6fec54c7521fddc569a2f4e141dfb97bf3acbe
Found module libc.so.6 with build-id: 81daba31ee66dbd63efdc4252a872949d874d136
Found module libgcc_s.so.1 with build-id: bad96a3adc0a3a006e7ef4900ff3ae1ddcc33ed2
Found module libstdc++.so.6 with build-id: 5c63442039be42a72c8722574572171b19f18d66
Found module libboost_unit_test_framework.so.1.78.0 with build-id: a36d99071d10c86578feab1480b17b8842ebf327
Metadata for module libboost_unit_test_framework.so.1.78.0 owned by FDO found: {
"type" : "rpm",
"name" : "boost",
"version" : "1.78.0-9.fc37",
"architecture" : "x86_64",
"osCpe" : "cpe:/o:fedoraproject:fedora:37"
}
Found module libthrift-0.14.0.so with build-id: 17998af2b27e0e5d136b0a16c5b0a380314fac76
Metadata for module libthrift-0.14.0.so owned by FDO found: {
"type" : "rpm",
"name" : "thrift",
"version" : "0.14.0-11.fc37",
"architecture" : "x86_64",
"osCpe" : "cpe:/o:fedoraproject:fedora:37"
}
Found module libabsl_low_level_hash.so.2206.0.0 with build-id: fdc2e19d07f096efad1bda8b1cc6bea21d123251
Metadata for module libabsl_low_level_hash.so.2206.0.0 owned by FDO found: {
"type" : "rpm",
"name" : "abseil-cpp",
"version" : "20220623.1-2.fc37",
"architecture" : "x86_64",
"osCpe" : "cpe:/o:fedoraproject:fedora:37"
}
Found module libabsl_bad_variant_access.so.2206.0.0 with build-id: 1f590c0023e04f11b40241a4ddf594ee45aa4beb
Metadata for module libabsl_bad_variant_access.so.2206.0.0 owned by FDO found: {
"type" : "rpm",
"name" : "abseil-cpp",
"version" : "20220623.1-2.fc37",
"architecture" : "x86_64",
"osCpe" : "cpe:/o:fedoraproject:fedora:37"
}
Found module libabsl_city.so.2206.0.0 with build-id: 41317e95f94aab848cc33a5cda517e3f49d71546
Metadata for module libabsl_city.so.2206.0.0 owned by FDO found: {
"type" : "rpm",
"name" : "abseil-cpp",
"version" : "20220623.1-2.fc37",
"architecture" : "x86_64",
"osCpe" : "cpe:/o:fedoraproject:fedora:37"
}
Found module libabsl_hash.so.2206.0.0 with build-id: ff096a0a3c80b19b1ef2943e4260a2e841fcf8e6
Metadata for module libabsl_hash.so.2206.0.0 owned by FDO found: {
"type" : "rpm",
"name" : "abseil-cpp",
"version" : "20220623.1-2.fc37",
"architecture" : "x86_64",
"osCpe" : "cpe:/o:fedoraproject:fedora:37"
}
Found module libabsl_time_zone.so.2206.0.0 with build-id: 0d29b564e560fcc7571511a2374dc92d8f4c372c
Metadata for module libabsl_time_zone.so.2206.0.0 owned by FDO found: {
"type" : "rpm",
"name" : "abseil-cpp",
"version" : "20220623.1-2.fc37",
"architecture" : "x86_64",
"osCpe" : "cpe:/o:fedoraproject:fedora:37"
}
Found module libabsl_log_severity.so.2206.0.0 with build-id: ed0db9c343a3fcba9ca557f201dac37127fa4f8c
Metadata for module libabsl_log_severity.so.2206.0.0 owned by FDO found: {
"type" : "rpm",
"name" : "abseil-cpp",
"version" : "20220623.1-2.fc37",
"architecture" : "x86_64",
"osCpe" : "cpe:/o:fedoraproject:fedora:37"
}
Found module libabsl_raw_logging_internal.so.2206.0.0 with build-id: 72311601321423fbe0059f92782915f80df9c60d
Metadata for module libabsl_raw_logging_internal.so.2206.0.0 owned by FDO found: {
"type" : "rpm",
"name" : "abseil-cpp",
"version" : "20220623.1-2.fc37",
"architecture" : "x86_64",
"osCpe" : "cpe:/o:fedoraproject:fedora:37"
}
Found module libabsl_throw_delegate.so.2206.0.0 with build-id: 932f5e508e1571a7c6667bd86a17aff76ffc4180
Metadata for module libabsl_throw_delegate.so.2206.0.0 owned by FDO found: {
"type" : "rpm",
"name" : "abseil-cpp",
"version" : "20220623.1-2.fc37",
"architecture" : "x86_64",
"osCpe" : "cpe:/o:fedoraproject:fedora:37"
}
Found module libabsl_int128.so.2206.0.0 with build-id: 05d04d47bedd259ccbf9b092769b32fd0d8b765f
Metadata for module libabsl_int128.so.2206.0.0 owned by FDO found: {
"type" : "rpm",
"name" : "abseil-cpp",
"version" : "20220623.1-2.fc37",
"architecture" : "x86_64",
"osCpe" : "cpe:/o:fedoraproject:fedora:37"
}
Found module libabsl_spinlock_wait.so.2206.0.0 with build-id: f8b9f8cc0c1b25ca41377433a64a6550b26907cb
Metadata for module libabsl_spinlock_wait.so.2206.0.0 owned by FDO found: {
"type" : "rpm",
"name" : "abseil-cpp",
"version" : "20220623.1-2.fc37",
"architecture" : "x86_64",
"osCpe" : "cpe:/o:fedoraproject:fedora:37"
}
Found module libabsl_base.so.2206.0.0 with build-id: 089fe509992453bb2d1ce48f76af25b761468153
Metadata for module libabsl_base.so.2206.0.0 owned by FDO found: {
"type" : "rpm",
"name" : "abseil-cpp",
"version" : "20220623.1-2.fc37",
"architecture" : "x86_64",
"osCpe" : "cpe:/o:fedoraproject:fedora:37"
}
Found module libabsl_strings_internal.so.2206.0.0 with build-id: f094d922b90ac4e56294f6b32a2130ff0a895a86
Metadata for module libabsl_strings_internal.so.2206.0.0 owned by FDO found: {
"type" : "rpm",
"name" : "abseil-cpp",
"version" : "20220623.1-2.fc37",
"architecture" : "x86_64",
"osCpe" : "cpe:/o:fedoraproject:fedora:37"
}
Found module libabsl_strings.so.2206.0.0 with build-id: 1c21cdc8941756892ad1b004150d4a39efbbd6c2
Metadata for module libabsl_strings.so.2206.0.0 owned by FDO found: {
"type" : "rpm",
"name" : "abseil-cpp",
"version" : "20220623.1-2.fc37",
"architecture" : "x86_64",
"osCpe" : "cpe:/o:fedoraproject:fedora:37"
}
Found module libabsl_civil_time.so.2206.0.0 with build-id: dc41ccb89909a366a5be4900c4ad3414ed818790
Metadata for module libabsl_civil_time.so.2206.0.0 owned by FDO found: {
"type" : "rpm",
"name" : "abseil-cpp",
"version" : "20220623.1-2.fc37",
"architecture" : "x86_64",
"osCpe" : "cpe:/o:fedoraproject:fedora:37"
}
Found module libabsl_time.so.2206.0.0 with build-id: a7dd777b5bf5cf7438b8fd418396c05ea00d8371
Metadata for module libabsl_time.so.2206.0.0 owned by FDO found: {
"type" : "rpm",
"name" : "abseil-cpp",
"version" : "20220623.1-2.fc37",
"architecture" : "x86_64",
"osCpe" : "cpe:/o:fedoraproject:fedora:37"
}
Found module libabsl_malloc_internal.so.2206.0.0 with build-id: 15fca201e10b00f727694f7bac973d81ac1d7d22
Metadata for module libabsl_malloc_internal.so.2206.0.0 owned by FDO found: {
"type" : "rpm",
"name" : "abseil-cpp",
"version" : "20220623.1-2.fc37",
"architecture" : "x86_64",
"osCpe" : "cpe:/o:fedoraproject:fedora:37"
}
Found module libabsl_demangle_internal.so.2206.0.0 with build-id: e5c07a3c01cb5e97f543ecaa85659de88af66a82
Metadata for module libabsl_demangle_internal.so.2206.0.0 owned by FDO found: {
"type" : "rpm",
"name" : "abseil-cpp",
"version" : "20220623.1-2.fc37",
"architecture" : "x86_64",
"osCpe" : "cpe:/o:fedoraproject:fedora:37"
}
Found module libabsl_debugging_internal.so.2206.0.0 with build-id: 91aad3458461d78f421f83684b9d31ae5ba95764
Metadata for module libabsl_debugging_internal.so.2206.0.0 owned by FDO found: {
"type" : "rpm",
"name" : "abseil-cpp",
"version" : "20220623.1-2.fc37",
"architecture" : "x86_64",
"osCpe" : "cpe:/o:fedoraproject:fedora:37"
}
Found module libabsl_symbolize.so.2206.0.0 with build-id: cacbe0e5704729a2198db9ea87680dc292474c9f
Metadata for module libabsl_symbolize.so.2206.0.0 owned by FDO found: {
"type" : "rpm",
"name" : "abseil-cpp",
"version" : "20220623.1-2.fc37",
"architecture" : "x86_64",
"osCpe" : "cpe:/o:fedoraproject:fedora:37"
}
Found module libabsl_stacktrace.so.2206.0.0 with build-id: 0c356bbf44c196a8964e52aba16bd6fb494dbd9e
Metadata for module libabsl_stacktrace.so.2206.0.0 owned by FDO found: {
"type" : "rpm",
"name" : "abseil-cpp",
"version" : "20220623.1-2.fc37",
"architecture" : "x86_64",
"osCpe" : "cpe:/o:fedoraproject:fedora:37"
}
Found module libabsl_graphcycles_internal.so.2206.0.0 with build-id: e226bdc2aae8a5fb7bc33ee829471bc327562c26
Metadata for module libabsl_graphcycles_internal.so.2206.0.0 owned by FDO found: {
"type" : "rpm",
"name" : "abseil-cpp",
"version" : "20220623.1-2.fc37",
"architecture" : "x86_64",
"osCpe" : "cpe:/o:fedoraproject:fedora:37"
}
Found module libabsl_synchronization.so.2206.0.0 with build-id: 4735025bbc9620497773e101f64c600116766443
Metadata for module libabsl_synchronization.so.2206.0.0 owned by FDO found: {
"type" : "rpm",
"name" : "abseil-cpp",
"version" : "20220623.1-2.fc37",
"architecture" : "x86_64",
"osCpe" : "cpe:/o:fedoraproject:fedora:37"
}
Found module libabsl_exponential_biased.so.2206.0.0 with build-id: 9c52b6b35dd5467d2bdc5742bea8f7223892f249
Metadata for module libabsl_exponential_biased.so.2206.0.0 owned by FDO found: {
"type" : "rpm",
"name" : "abseil-cpp",
"version" : "20220623.1-2.fc37",
"architecture" : "x86_64",
"osCpe" : "cpe:/o:fedoraproject:fedora:37"
}
Found module libabsl_hashtablez_sampler.so.2206.0.0 with build-id: 6de93b940b6f342a03efd7ad4758b9eaed0acbb9
Metadata for module libabsl_hashtablez_sampler.so.2206.0.0 owned by FDO found: {
"type" : "rpm",
"name" : "abseil-cpp",
"version" : "20220623.1-2.fc37",
"architecture" : "x86_64",
"osCpe" : "cpe:/o:fedoraproject:fedora:37"
}
Found module libabsl_bad_optional_access.so.2206.0.0 with build-id: 0baafb3bd65e673b35368a6e339a2b3822de4314
Metadata for module libabsl_bad_optional_access.so.2206.0.0 owned by FDO found: {
"type" : "rpm",
"name" : "abseil-cpp",
"version" : "20220623.1-2.fc37",
"architecture" : "x86_64",
"osCpe" : "cpe:/o:fedoraproject:fedora:37"
}
Found module libabsl_raw_hash_set.so.2206.0.0 with build-id: b5cdc3a20fcb6192028df8d6abff4c7a45bc5cb8
Metadata for module libabsl_raw_hash_set.so.2206.0.0 owned by FDO found: {
"type" : "rpm",
"name" : "abseil-cpp",
"version" : "20220623.1-2.fc37",
"architecture" : "x86_64",
"osCpe" : "cpe:/o:fedoraproject:fedora:37"
}
Found module libsystemd.so.0 with build-id: daf81fef8e9a910d25dbf2312ad2a3670bfedf2c
Metadata for module libsystemd.so.0 owned by FDO found: {
"type" : "rpm",
"name" : "systemd",
"version" : "251.14-2.fc37",
"architecture" : "x86_64",
"osCpe" : "cpe:/o:fedoraproject:fedora:37"
}
Found module liblua-5.4.so with build-id: 1b859f8bd50772ce0b191ad7280404d708e6f2dd
Metadata for module liblua-5.4.so owned by FDO found: {
"type" : "rpm",
"name" : "lua",
"version" : "5.4.4-9.fc37",
"architecture" : "x86_64",
"osCpe" : "cpe:/o:fedoraproject:fedora:37"
}
Found module libdeflate.so.0 with build-id: 4a9b9e6426b09c7727eca5906705cd47d6356b52
Metadata for module libdeflate.so.0 owned by FDO found: {
"type" : "rpm",
"name" : "libdeflate",
"version" : "1.9-4.fc37",
"architecture" : "x86_64",
"osCpe" : "cpe:/o:fedoraproject:fedora:37"
}
Found module libxxhash.so.0 with build-id: e9d597d29fee60aa936d42919d5478b1489fcfcd
Metadata for module libxxhash.so.0 owned by FDO found: {
"type" : "rpm",
"name" : "xxhash",
"version" : "0.8.1-3.fc37",
"architecture" : "x86_64",
"osCpe" : "cpe:/o:fedoraproject:fedora:37"
}
Found module libicui18n.so.71 with build-id: f4748e4011f7e0fd328ade31e62bc9167e417b74
Metadata for module libicui18n.so.71 owned by FDO found: {
"type" : "rpm",
"name" : "icu",
"version" : "71.1-2.fc37",
"architecture" : "x86_64",
"osCpe" : "cpe:/o:fedoraproject:fedora:37"
}
Found module libicuuc.so.71 with build-id: f0a97a601f057dd0739c60482ff1b33c5e054456
Metadata for module libicuuc.so.71 owned by FDO found: {
"type" : "rpm",
"name" : "icu",
"version" : "71.1-2.fc37",
"architecture" : "x86_64",
"osCpe" : "cpe:/o:fedoraproject:fedora:37"
}
Found module libboost_regex.so.1.78.0 with build-id: 72db12b143d11d0a1f6b4d087ba66b0bed1b143a
Metadata for module libboost_regex.so.1.78.0 owned by FDO found: {
"type" : "rpm",
"name" : "boost",
"version" : "1.78.0-9.fc37",
"architecture" : "x86_64",
"osCpe" : "cpe:/o:fedoraproject:fedora:37"
}
Found module libboost_date_time.so.1.78.0 with build-id: eb65c4205b9d9fd037e8c33e34d2f0c529041ff2
Metadata for module libboost_date_time.so.1.78.0 owned by FDO found: {
"type" : "rpm",
"name" : "boost",
"version" : "1.78.0-9.fc37",
"architecture" : "x86_64",
"osCpe" : "cpe:/o:fedoraproject:fedora:37"
}
Found module libcrypt.so.2 with build-id: e9a4200cc454d25322877cefcc51815d420ac9aa
Metadata for module libcrypt.so.2 owned by FDO found: {
"type" : "rpm",
"name" : "libxcrypt",
"version" : "4.4.33-4.fc37",
"architecture" : "x86_64",
"osCpe" : "cpe:/o:fedoraproject:fedora:37"
}
Found module libjsoncpp.so.25 with build-id: 81664b30fef3b5f5552d5127aa7df65a5540b19e
Metadata for module libjsoncpp.so.25 owned by FDO found: {
"type" : "rpm",
"name" : "jsoncpp",
"version" : "1.9.5-3.fc37",
"architecture" : "x86_64",
"osCpe" : "cpe:/o:fedoraproject:fedora:37"
}
Found module libsnappy.so.1 with build-id: a7aec4ee674baa81a2a0f445be25f068d676fe4b
Metadata for module libsnappy.so.1 owned by FDO found: {
"type" : "rpm",
"name" : "snappy",
"version" : "1.1.9-5.fc37",
"architecture" : "x86_64",
"osCpe" : "cpe:/o:fedoraproject:fedora:37"
}
Found module libz.so.1 with build-id: d94299d7572e23295ceaf7674110eb6f2689cd91
Metadata for module libz.so.1 owned by FDO found: {
"type" : "rpm",
"name" : "zlib",
"version" : "1.2.12-5.fc37",
"architecture" : "x86_64",
"osCpe" : "cpe:/o:fedoraproject:fedora:37"
}
Found module libyaml-cpp.so.0.6 with build-id: 4b5879027e25c21db9008a81ce6936b85aeb856e
Metadata for module libyaml-cpp.so.0.6 owned by FDO found: {
"type" : "rpm",
"name" : "yaml-cpp",
"version" : "0.6.3-7.fc37",
"architecture" : "x86_64",
"osCpe" : "cpe:/o:fedoraproject:fedora:37"
}
Found module libm.so.6 with build-id: 9ca49f056adbf7edc2bda92b95a74d491abe03f2
Found module libhwloc.so.15 with build-id: dc3323c96c1be89f9270a8b8e4e9623181a59e84
Metadata for module libhwloc.so.15 owned by FDO found: {
"type" : "rpm",
"name" : "hwloc",
"version" : "2.5.0-4.fc37",
"architecture" : "x86_64",
"osCpe" : "cpe:/o:fedoraproject:fedora:37"
}
Found module libp11-kit.so.0 with build-id: eab90567b10ce2fa21b2a7eb4e5a3e097e63b4af
Metadata for module libp11-kit.so.0 owned by FDO found: {
"type" : "rpm",
"name" : "p11-kit",
"version" : "0.24.1-3.fc37",
"architecture" : "x86_64",
"osCpe" : "cpe:/o:fedoraproject:fedora:37"
}
Found module libidn2.so.0 with build-id: 220865bcdf15c803f8dd897650798ecb5c2ef1e6
Metadata for module libidn2.so.0 owned by FDO found: {
"type" : "rpm",
"name" : "libidn2",
"version" : "2.3.4-1.fc37",
"architecture" : "x86_64",
"osCpe" : "cpe:/o:fedoraproject:fedora:37"
}
Found module libtasn1.so.6 with build-id: 98238deb249115cc63cf294d5e3f04a26b204496
Metadata for module libtasn1.so.6 owned by FDO found: {
"type" : "rpm",
"name" : "libtasn1",
"version" : "4.19.0-1.fc37",
"architecture" : "x86_64",
"osCpe" : "cpe:/o:fedoraproject:fedora:37"
}
Found module libhogweed.so.6 with build-id: 6f32d090a6de6b372ab9258d2f9656c808aba96d
Metadata for module libhogweed.so.6 owned by FDO found: {
"type" : "rpm",
"name" : "nettle",
"version" : "3.8-2.fc37",
"architecture" : "x86_64",
"osCpe" : "cpe:/o:fedoraproject:fedora:37"
}
Found module libnettle.so.8 with build-id: c0f18d9e28d93220296008fe3bc58b22347b1835
Metadata for module libnettle.so.8 owned by FDO found: {
"type" : "rpm",
"name" : "nettle",
"version" : "3.8-2.fc37",
"architecture" : "x86_64",
"osCpe" : "cpe:/o:fedoraproject:fedora:37"
}
Found module libunistring.so.2 with build-id: 0c89f0c5be4a239b6ab72dc3aa015b95fc8ede0d
Stack trace of thread 6188:
#0  0x0000000005673eb3 _ZN7seastar6memory8allocateEm (scylla + 0x5473eb3)
#1  0x0000000005676ae2 _Znwm (scylla + 0x5476ae2)
#2  0x0000000002dcda44 _ZN10validation18is_cql_key_invalidERK6schema18partition_key_view (scylla + 0x2bcda44)
#3  0x0000000002dce1da _ZN10validation16validate_cql_keyERK6schema18partition_key_view (scylla + 0x2bce1da)
#4  0x00000000029a303d _ZNK4cql310statements22modification_statement20build_partition_keysERKNS_13query_optionsERKSt8optionalISt13unordered_mapIN7seastar13basic_sstringIcjLj15ELb1EEES5_INS8_IajLj31ELb0EEEESt4hashIS9_ESt8equal_toIS9_ESaISt4pairIKS9_SB_EEEE (scylla + 0x27a303d)
#5  0x000000000299d20d _ZNK4cql310statements22modification_statement13get_mutationsERNS_15query_processorERKNS_13query_optionsENSt6chrono10time_pointIN7seastar12lowres_clockENS7_8durationIlSt5ratioILl1ELl1000000000EEEEEEblRN7service11query_stateE (scylla + 0x279d20d)
#6  0x00000000029a4f63 _ZNK4cql310statements22modification_statement10do_executeERNS_15query_processorERN7service11query_stateERKNS_13query_optionsE (scylla + 0x27a4f63)
#7  0x00000000029b10e8 _ZN7seastar20noncopyable_functionIFNS_6futureINS_10shared_ptrIN13cql_transport8messages14result_messageEEEEEPKN4cql310statements22modification_statementERNS8_15query_processorERN7service11query_stateERKNS8_13query_optionsEEE17direct_vtable_forISt7_Mem_fnIMSA_KFS7_SE_SH_SK_EEE4callEPKSM_SC_SE_SH_SK_ (scylla + 0x27b10e8)
#8  0x00000000029b166d _ZN7seastar20noncopyable_functionIFNS_6futureINS_10shared_ptrIN13cql_transport8messages14result_messageEEEEEPKN4cql310statements22modification_statementERNS8_15query_processorERN7service11query_stateERKNS8_13query_optionsEEE17direct_vtable_forIZNS_35inheriting_concrete_execution_stageIS7_JSC_SE_SH_SK_EE20make_stage_for_groupENS_16scheduling_groupEEUlSC_SE_SH_SK_E_E4callEPKSM_SC_SE_SH_SK_ (scylla + 0x27b166d)
#9  0x00000000029b12f7 _ZN7seastar24concrete_execution_stageINS_6futureINS_10shared_ptrIN13cql_transport8messages14result_messageEEEEEJPKN4cql310statements22modification_statementERNS8_15query_processorERN7service11query_stateERKNS8_13query_optionsEEE8do_flushEv (scylla + 0x27b12f7)
#10 0x0000000005663d14 _ZN7seastar11lambda_taskIZNS_15execution_stage5flushEvE3$_1E15run_and_disposeEv (scylla + 0x5463d14)
#11 0x00000000056b78a5 _ZN7seastar7reactor14run_some_tasksEv (scylla + 0x54b78a5)
#12 0x00000000056b8b28 _ZN7seastar7reactor6do_runEv (scylla + 0x54b8b28)
#13 0x00000000056db2f2 _ZNSt17_Function_handlerIFvvEZN7seastar3smp9configureERKNS1_11smp_optionsERKNS1_15reactor_optionsEE4$_96E9_M_invokeERKSt9_Any_data (scylla + 0x54db2f2)
#14 0x00000000056880bb _ZN7seastar12posix_thread13start_routineEPv (scylla + 0x54880bb)
#15 0x00007fb91dec212d start_thread (libc.so.6 + 0x8b12d)
#16 0x00007fb91df43bc0 __clone3 (libc.so.6 + 0x10cbc0)
Stack trace of thread 6201:
#0  0x00007fb91df3221c read (libc.so.6 + 0xfb21c)
#1  0x00000000056fc805 _ZN7seastar11thread_pool4workENS_13basic_sstringIcjLj15ELb1EEE (scylla + 0x54fc805)
#2  0x00000000056fcb12 _ZNSt17_Function_handlerIFvvEZN7seastar11thread_poolC1EPNS1_7reactorENS1_13basic_sstringIcjLj15ELb1EEEE3$_0E9_M_invokeERKSt9_Any_data (scylla + 0x54fcb12)
#3  0x00000000056880bb _ZN7seastar12posix_thread13start_routineEPv (scylla + 0x54880bb)
#4  0x00007fb91dec212d start_thread (libc.so.6 + 0x8b12d)
#5  0x00007fb91df43bc0 __clone3 (libc.so.6 + 0x10cbc0)
Stack trace of thread 6200:
#0  0x00007fb91df3221c read (libc.so.6 + 0xfb21c)
#1  0x00000000056fc805 _ZN7seastar11thread_pool4workENS_13basic_sstringIcjLj15ELb1EEE (scylla + 0x54fc805)
#2  0x00000000056fcb12 _ZNSt17_Function_handlerIFvvEZN7seastar11thread_poolC1EPNS1_7reactorENS1_13basic_sstringIcjLj15ELb1EEEE3$_0E9_M_invokeERKSt9_Any_data (scylla + 0x54fcb12)
#3  0x00000000056880bb _ZN7seastar12posix_thread13start_routineEPv (scylla + 0x54880bb)
#4  0x00007fb91dec212d start_thread (libc.so.6 + 0x8b12d)
#5  0x00007fb91df43bc0 __clone3 (libc.so.6 + 0x10cbc0)
Stack trace of thread 6213:
#0  0x00007fb91df3221c read (libc.so.6 + 0xfb21c)
#1  0x00000000056fc805 _ZN7seastar11thread_pool4workENS_13basic_sstringIcjLj15ELb1EEE (scylla + 0x54fc805)
#2  0x00000000056fcb12 _ZNSt17_Function_handlerIFvvEZN7seastar11thread_poolC1EPNS1_7reactorENS1_13basic_sstringIcjLj15ELb1EEEE3$_0E9_M_invokeERKSt9_Any_data (scylla + 0x54fcb12)
#3  0x00000000056880bb _ZN7seastar12posix_thread13start_routineEPv (scylla + 0x54880bb)
#4  0x00007fb91dec212d start_thread (libc.so.6 + 0x8b12d)
#5  0x00007fb91df43bc0 __clone3 (libc.so.6 + 0x10cbc0)
Stack trace of thread 6209:
#0  0x00007fb91df3221c read (libc.so.6 + 0xfb21c)
#1  0x00000000056fc805 _ZN7seastar11thread_pool4workENS_13basic_sstringIcjLj15ELb1EEE (scylla + 0x54fc805)
#2  0x00000000056fcb12 _ZNSt17_Function_handlerIFvvEZN7seastar11thread_poolC1EPNS1_7reactorENS1_13basic_sstringIcjLj15ELb1EEEE3$_0E9_M_invokeERKSt9_Any_data (scylla + 0x54fcb12)
#3  0x00000000056880bb _ZN7seastar12posix_thread13start_routineEPv (scylla + 0x54880bb)
#4  0x00007fb91dec212d start_thread (libc.so.6 + 0x8b12d)
#5  0x00007fb91df43bc0 __clone3 (libc.so.6 + 0x10cbc0)
Stack trace of thread 6205:
#0  0x00007fb91df3221c read (libc.so.6 + 0xfb21c)
#1  0x00000000056fc805 _ZN7seastar11thread_pool4workENS_13basic_sstringIcjLj15ELb1EEE (scylla + 0x54fc805)
#2  0x00000000056fcb12 _ZNSt17_Function_handlerIFvvEZN7seastar11thread_poolC1EPNS1_7reactorENS1_13basic_sstringIcjLj15ELb1EEEE3$_0E9_M_invokeERKSt9_Any_data (scylla + 0x54fcb12)
#3  0x00000000056880bb _ZN7seastar12posix_thread13start_routineEPv (scylla + 0x54880bb)
#4  0x00007fb91dec212d start_thread (libc.so.6 + 0x8b12d)
#5  0x00007fb91df43bc0 __clone3 (libc.so.6 + 0x10cbc0)
Stack trace of thread 6207:
#0  0x00007fb91df3221c read (libc.so.6 + 0xfb21c)
#1  0x00000000056fc805 _ZN7seastar11thread_pool4workENS_13basic_sstringIcjLj15ELb1EEE (scylla + 0x54fc805)
#2  0x00000000056fcb12 _ZNSt17_Function_handlerIFvvEZN7seastar11thread_poolC1EPNS1_7reactorENS1_13basic_sstringIcjLj15ELb1EEEE3$_0E9_M_invokeERKSt9_Any_data (scylla + 0x54fcb12)
#3  0x00000000056880bb _ZN7seastar12posix_thread13start_routineEPv (scylla + 0x54880bb)
#4  0x00007fb91dec212d start_thread (libc.so.6 + 0x8b12d)
#5  0x00007fb91df43bc0 __clone3 (libc.so.6 + 0x10cbc0)
Stack trace of thread 6210:
#0  0x00007fb91df3221c read (libc.so.6 + 0xfb21c)
#1  0x00000000056fc805 _ZN7seastar11thread_pool4workENS_13basic_sstringIcjLj15ELb1EEE (scylla + 0x54fc805)
#2  0x00000000056fcb12 _ZNSt17_Function_handlerIFvvEZN7seastar11thread_poolC1EPNS1_7reactorENS1_13basic_sstringIcjLj15ELb1EEEE3$_0E9_M_invokeERKSt9_Any_data (scylla + 0x54fcb12)
#3  0x00000000056880bb _ZN7seastar12posix_thread13start_routineEPv (scylla + 0x54880bb)
#4  0x00007fb91dec212d start_thread (libc.so.6 + 0x8b12d)
#5  0x00007fb91df43bc0 __clone3 (libc.so.6 + 0x10cbc0)
Stack trace of thread 6206:
#0  0x00007fb91df3221c read (libc.so.6 + 0xfb21c)
#1  0x00000000056fc805 _ZN7seastar11thread_pool4workENS_13basic_sstringIcjLj15ELb1EEE (scylla + 0x54fc805)
#2  0x00000000056fcb12 _ZNSt17_Function_handlerIFvvEZN7seastar11thread_poolC1EPNS1_7reactorENS1_13basic_sstringIcjLj15ELb1EEEE3$_0E9_M_invokeERKSt9_Any_data (scylla + 0x54fcb12)
#3  0x00000000056880bb _ZN7seastar12posix_thread13start_routineEPv (scylla + 0x54880bb)
#4  0x00007fb91dec212d start_thread (libc.so.6 + 0x8b12d)
#5  0x00007fb91df43bc0 __clone3 (libc.so.6 + 0x10cbc0)
Stack trace of thread 6204:
#0  0x00007fb91df3221c read (libc.so.6 + 0xfb21c)
#1  0x00000000056fc805 _ZN7seastar11thread_pool4workENS_13basic_sstringIcjLj15ELb1EEE (scylla + 0x54fc805)
#2  0x00000000056fcb12 _ZNSt17_Function_handlerIFvvEZN7seastar11thread_poolC1EPNS1_7reactorENS1_13basic_sstringIcjLj15ELb1EEEE3$_0E9_M_invokeERKSt9_Any_data (scylla + 0x54fcb12)
#3  0x00000000056880bb _ZN7seastar12posix_thread13start_routineEPv (scylla + 0x54880bb)
#4  0x00007fb91dec212d start_thread (libc.so.6 + 0x8b12d)
#5  0x00007fb91df43bc0 __clone3 (libc.so.6 + 0x10cbc0)
Stack trace of thread 6208:
#0  0x00007fb91df3221c read (libc.so.6 + 0xfb21c)
#1  0x00000000056fc805 _ZN7seastar11thread_pool4workENS_13basic_sstringIcjLj15ELb1EEE (scylla + 0x54fc805)
#2  0x00000000056fcb12 _ZNSt17_Function_handlerIFvvEZN7seastar11thread_poolC1EPNS1_7reactorENS1_13basic_sstringIcjLj15ELb1EEEE3$_0E9_M_invokeERKSt9_Any_data (scylla + 0x54fcb12)
#3  0x00000000056880bb _ZN7seastar12posix_thread13start_routineEPv (scylla + 0x54880bb)
#4  0x00007fb91dec212d start_thread (libc.so.6 + 0x8b12d)
#5  0x00007fb91df43bc0 __clone3 (libc.so.6 + 0x10cbc0)
Stack trace of thread 6202:
#0  0x00007fb91df3221c read (libc.so.6 + 0xfb21c)
#1  0x00000000056fc805 _ZN7seastar11thread_pool4workENS_13basic_sstringIcjLj15ELb1EEE (scylla + 0x54fc805)
#2  0x00000000056fcb12 _ZNSt17_Function_handlerIFvvEZN7seastar11thread_poolC1EPNS1_7reactorENS1_13basic_sstringIcjLj15ELb1EEEE3$_0E9_M_invokeERKSt9_Any_data (scylla + 0x54fcb12)
#3  0x00000000056880bb _ZN7seastar12posix_thread13start_routineEPv (scylla + 0x54880bb)
#4  0x00007fb91dec212d start_thread (libc.so.6 + 0x8b12d)
#5  0x00007fb91df43bc0 __clone3 (libc.so.6 + 0x10cbc0)
Stack trace of thread 6212:
#0  0x00007fb91df3221c read (libc.so.6 + 0xfb21c)
#1  0x00000000056fc805 _ZN7seastar11thread_pool4workENS_13basic_sstringIcjLj15ELb1EEE (scylla + 0x54fc805)
#2  0x00000000056fcb12 _ZNSt17_Function_handlerIFvvEZN7seastar11thread_poolC1EPNS1_7reactorENS1_13basic_sstringIcjLj15ELb1EEEE3$_0E9_M_invokeERKSt9_Any_data (scylla + 0x54fcb12)
#3  0x00000000056880bb _ZN7seastar12posix_thread13start_routineEPv (scylla + 0x54880bb)
#4  0x00007fb91dec212d start_thread (libc.so.6 + 0x8b12d)
#5  0x00007fb91df43bc0 __clone3 (libc.so.6 + 0x10cbc0)
Stack trace of thread 6184:
#0  0x00007fb91df3b92d syscall (libc.so.6 + 0x10492d)
#1  0x00000000057027c1 _ZN7seastar8internal13io_pgeteventsEmllPNS0_9linux_abi8io_eventEPK8timespecPK10__sigset_tb (scylla + 0x55027c1)
#2  0x00000000056fe3f5 _ZN7seastar19reactor_backend_aio12await_eventsEiPK10__sigset_t (scylla + 0x54fe3f5)
#3  0x00000000056feb10 _ZN7seastar19reactor_backend_aio23wait_and_process_eventsEPK10__sigset_t (scylla + 0x54feb10)
#4  0x00000000056b8e2d _ZN7seastar7reactor6do_runEv (scylla + 0x54b8e2d)
#5  0x00000000056b7e6a _ZN7seastar7reactor3runEv (scylla + 0x54b7e6a)
#6  0x000000000565bd86 _ZN7seastar12app_template14run_deprecatedEiPPcOSt8functionIFvvEE (scylla + 0x545bd86)
#7  0x000000000565aef9 _ZN7seastar12app_template3runEiPPcOSt8functionIFNS_6futureIiEEvEE (scylla + 0x545aef9)
#8  0x000000000122cf94 _ZL11scylla_mainiPPc (scylla + 0x102cf94)
#9  0x000000000122eb21 _ZNKSt8functionIFiiPPcEEclEiS1_ (scylla + 0x102eb21)
#10 0x000000000122b3b8 main (scylla + 0x102b3b8)
#11 0x00007fb91de5e510 __libc_start_call_main (libc.so.6 + 0x27510)
#12 0x00007fb91de5e5c9 __libc_start_main@@GLIBC_2.34 (libc.so.6 + 0x275c9)
#13 0x0000000001228f65 _start (scylla + 0x1028f65)
Stack trace of thread 6211:
#0  0x00007fb91df3221c read (libc.so.6 + 0xfb21c)
#1  0x00000000056fc805 _ZN7seastar11thread_pool4workENS_13basic_sstringIcjLj15ELb1EEE (scylla + 0x54fc805)
#2  0x00000000056fcb12 _ZNSt17_Function_handlerIFvvEZN7seastar11thread_poolC1EPNS1_7reactorENS1_13basic_sstringIcjLj15ELb1EEEE3$_0E9_M_invokeERKSt9_Any_data (scylla + 0x54fcb12)
#3  0x00000000056880bb _ZN7seastar12posix_thread13start_routineEPv (scylla + 0x54880bb)
#4  0x00007fb91dec212d start_thread (libc.so.6 + 0x8b12d)
#5  0x00007fb91df43bc0 __clone3 (libc.so.6 + 0x10cbc0)
Stack trace of thread 6198:
#0  0x00007fb91df08eeb clock_gettime@@GLIBC_2.17 (libc.so.6 + 0xd1eeb)
#1  0x00007fb91e108452 _ZNSt6chrono3_V212system_clock3nowEv (libstdc++.so.6 + 0xd2452)
#2  0x00000000056b8b50 _ZN7seastar7reactor6do_runEv (scylla + 0x54b8b50)
#3  0x00000000056db2f2 _ZNSt17_Function_handlerIFvvEZN7seastar3smp9configureERKNS1_11smp_optionsERKNS1_15reactor_optionsEE4$_96E9_M_invokeERKSt9_Any_data (scylla + 0x54db2f2)
#4  0x00000000056880bb _ZN7seastar12posix_thread13start_routineEPv (scylla + 0x54880bb)
#5  0x00007fb91dec212d start_thread (libc.so.6 + 0x8b12d)
#6  0x00007fb91df43bc0 __clone3 (libc.so.6 + 0x10cbc0)
Stack trace of thread 6203:
#0  0x00007fb91df3221c read (libc.so.6 + 0xfb21c)
#1  0x00000000056fc805 _ZN7seastar11thread_pool4workENS_13basic_sstringIcjLj15ELb1EEE (scylla + 0x54fc805)
#2  0x00000000056fcb12 _ZNSt17_Function_handlerIFvvEZN7seastar11thread_poolC1EPNS1_7reactorENS1_13basic_sstringIcjLj15ELb1EEEE3$_0E9_M_invokeERKSt9_Any_data (scylla + 0x54fcb12)
#3  0x00000000056880bb _ZN7seastar12posix_thread13start_routineEPv (scylla + 0x54880bb)
#4  0x00007fb91dec212d start_thread (libc.so.6 + 0x8b12d)
#5  0x00007fb91df43bc0 __clone3 (libc.so.6 + 0x10cbc0)
Stack trace of thread 6191:
#0  0x00007fb91df4365e timerfd_settime (libc.so.6 + 0x10c65e)
#1  0x00000000056e190d _ZN7seastar9file_desc15timerfd_settimeEiRK10itimerspec (scylla + 0x54e190d)
#2  0x00000000056b8dcf _ZN7seastar7reactor6do_runEv (scylla + 0x54b8dcf)
#3  0x00000000056db2f2 _ZNSt17_Function_handlerIFvvEZN7seastar3smp9configureERKNS1_11smp_optionsERKNS1_15reactor_optionsEE4$_96E9_M_invokeERKSt9_Any_data (scylla + 0x54db2f2)
#4  0x00000000056880bb _ZN7seastar12posix_thread13start_routineEPv (scylla + 0x54880bb)
#5  0x00007fb91dec212d start_thread (libc.so.6 + 0x8b12d)
#6  0x00007fb91df43bc0 __clone3 (libc.so.6 + 0x10cbc0)
Stack trace of thread 6192:
#0  0x00007fb91df3b92d syscall (libc.so.6 + 0x10492d)
#1  0x00000000057027c1 _ZN7seastar8internal13io_pgeteventsEmllPNS0_9linux_abi8io_eventEPK8timespecPK10__sigset_tb (scylla + 0x55027c1)
#2  0x00000000056fe3f5 _ZN7seastar19reactor_backend_aio12await_eventsEiPK10__sigset_t (scylla + 0x54fe3f5)
#3  0x00000000056feb10 _ZN7seastar19reactor_backend_aio23wait_and_process_eventsEPK10__sigset_t (scylla + 0x54feb10)
#4  0x00000000056b8e2d _ZN7seastar7reactor6do_runEv (scylla + 0x54b8e2d)
#5  0x00000000056db2f2 _ZNSt17_Function_handlerIFvvEZN7seastar3smp9configureERKNS1_11smp_optionsERKNS1_15reactor_optionsEE4$_96E9_M_invokeERKSt9_Any_data (scylla + 0x54db2f2)
#6  0x00000000056880bb _ZN7seastar12posix_thread13start_routineEPv (scylla + 0x54880bb)
#7  0x00007fb91dec212d start_thread (libc.so.6 + 0x8b12d)
#8  0x00007fb91df43bc0 __clone3 (libc.so.6 + 0x10cbc0)
Stack trace of thread 6193:
#0  0x00007fb91df08eeb clock_gettime@@GLIBC_2.17 (libc.so.6 + 0xd1eeb)
#1  0x00007fb91e108485 _ZNSt6chrono3_V212steady_clock3nowEv (libstdc++.so.6 + 0xd2485)
#2  0x00000000056b8b9d _ZN7seastar7reactor6do_runEv (scylla + 0x54b8b9d)
#3  0x00000000056db2f2 _ZNSt17_Function_handlerIFvvEZN7seastar3smp9configureERKNS1_11smp_optionsERKNS1_15reactor_optionsEE4$_96E9_M_invokeERKSt9_Any_data (scylla + 0x54db2f2)
#4  0x00000000056880bb _ZN7seastar12posix_thread13start_routineEPv (scylla + 0x54880bb)
#5  0x00007fb91dec212d start_thread (libc.so.6 + 0x8b12d)
#6  0x00007fb91df43bc0 __clone3 (libc.so.6 + 0x10cbc0)
Stack trace of thread 6189:
#0  0x00007ffe5bdfb7c3 n/a (linux-vdso.so.1 + 0x7c3)
#1  0x00007fb91df08efd clock_gettime@@GLIBC_2.17 (libc.so.6 + 0xd1efd)
#2  0x00007fb91e108485 _ZNSt6chrono3_V212steady_clock3nowEv (libstdc++.so.6 + 0xd2485)
#3  0x00000000056b8b42 _ZN7seastar7reactor6do_runEv (scylla + 0x54b8b42)
#4  0x00000000056db2f2 _ZNSt17_Function_handlerIFvvEZN7seastar3smp9configureERKNS1_11smp_optionsERKNS1_15reactor_optionsEE4$_96E9_M_invokeERKSt9_Any_data (scylla + 0x54db2f2)
#5  0x00000000056880bb _ZN7seastar12posix_thread13start_routineEPv (scylla + 0x54880bb)
#6  0x00007fb91dec212d start_thread (libc.so.6 + 0x8b12d)
#7  0x00007fb91df43bc0 __clone3 (libc.so.6 + 0x10cbc0)
Stack trace of thread 6194:
#0  0x00007fb91df3b92d syscall (libc.so.6 + 0x10492d)
#1  0x00000000057027c1 _ZN7seastar8internal13io_pgeteventsEmllPNS0_9linux_abi8io_eventEPK8timespecPK10__sigset_tb (scylla + 0x55027c1)
#2  0x00000000056fe3f5 _ZN7seastar19reactor_backend_aio12await_eventsEiPK10__sigset_t (scylla + 0x54fe3f5)
#3  0x00000000056feb10 _ZN7seastar19reactor_backend_aio23wait_and_process_eventsEPK10__sigset_t (scylla + 0x54feb10)
#4  0x00000000056b8e2d _ZN7seastar7reactor6do_runEv (scylla + 0x54b8e2d)
#5  0x00000000056db2f2 _ZNSt17_Function_handlerIFvvEZN7seastar3smp9configureERKNS1_11smp_optionsERKNS1_15reactor_optionsEE4$_96E9_M_invokeERKSt9_Any_data (scylla + 0x54db2f2)
#6  0x00000000056880bb _ZN7seastar12posix_thread13start_routineEPv (scylla + 0x54880bb)
#7  0x00007fb91dec212d start_thread (libc.so.6 + 0x8b12d)
#8  0x00007fb91df43bc0 __clone3 (libc.so.6 + 0x10cbc0)
Stack trace of thread 6190:
#0  0x00007ffe5bdfb740 n/a (linux-vdso.so.1 + 0x740)
#1  0x00007ffe5bdfb80a n/a (linux-vdso.so.1 + 0x80a)
#2  0x00007fb91df08efd clock_gettime@@GLIBC_2.17 (libc.so.6 + 0xd1efd)
#3  0x00007fb91e108485 _ZNSt6chrono3_V212steady_clock3nowEv (libstdc++.so.6 + 0xd2485)
#4  0x00000000056b8b9d _ZN7seastar7reactor6do_runEv (scylla + 0x54b8b9d)
#5  0x00000000056db2f2 _ZNSt17_Function_handlerIFvvEZN7seastar3smp9configureERKNS1_11smp_optionsERKNS1_15reactor_optionsEE4$_96E9_M_invokeERKSt9_Any_data (scylla + 0x54db2f2)
#6  0x00000000056880bb _ZN7seastar12posix_thread13start_routineEPv (scylla + 0x54880bb)
#7  0x00007fb91dec212d start_thread (libc.so.6 + 0x8b12d)
#8  0x00007fb91df43bc0 __clone3 (libc.so.6 + 0x10cbc0)
Stack trace of thread 6195:
#0  0x00007fb91df3b92d syscall (libc.so.6 + 0x10492d)
#1  0x00000000057027c1 _ZN7seastar8internal13io_pgeteventsEmllPNS0_9linux_abi8io_eventEPK8timespecPK10__sigset_tb (scylla + 0x55027c1)
#2  0x00000000056fe3f5 _ZN7seastar19reactor_backend_aio12await_eventsEiPK10__sigset_t (scylla + 0x54fe3f5)
#3  0x00000000056feb10 _ZN7seastar19reactor_backend_aio23wait_and_process_eventsEPK10__sigset_t (scylla + 0x54feb10)
#4  0x00000000056b8e2d _ZN7seastar7reactor6do_runEv (scylla + 0x54b8e2d)
#5  0x00000000056db2f2 _ZNSt17_Function_handlerIFvvEZN7seastar3smp9configureERKNS1_11smp_optionsERKNS1_15reactor_optionsEE4$_96E9_M_invokeERKSt9_Any_data (scylla + 0x54db2f2)
#6  0x00000000056880bb _ZN7seastar12posix_thread13start_routineEPv (scylla + 0x54880bb)
#7  0x00007fb91dec212d start_thread (libc.so.6 + 0x8b12d)
#8  0x00007fb91df43bc0 __clone3 (libc.so.6 + 0x10cbc0)
Stack trace of thread 6199:
#0  0x00007ffe5bdfbc10 __vdso_clock_gettime (linux-vdso.so.1 + 0xc10)
#1  0x00007fb91df08efd clock_gettime@@GLIBC_2.17 (libc.so.6 + 0xd1efd)
#2  0x00007fb91e108485 _ZNSt6chrono3_V212steady_clock3nowEv (libstdc++.so.6 + 0xd2485)
#3  0x00000000056b8b9d _ZN7seastar7reactor6do_runEv (scylla + 0x54b8b9d)
#4  0x00000000056db2f2 _ZNSt17_Function_handlerIFvvEZN7seastar3smp9configureERKNS1_11smp_optionsERKNS1_15reactor_optionsEE4$_96E9_M_invokeERKSt9_Any_data (scylla + 0x54db2f2)
#5  0x00000000056880bb _ZN7seastar12posix_thread13start_routineEPv (scylla + 0x54880bb)
#6  0x00007fb91dec212d start_thread (libc.so.6 + 0x8b12d)
#7  0x00007fb91df43bc0 __clone3 (libc.so.6 + 0x10cbc0)
Stack trace of thread 6196:
#0  0x0000000001cd9dcd _ZNK23mutation_partition_view9do_acceptI17partition_builderEEvRK14column_mappingRT_ (scylla + 0x1ad9dcd)
#1  0x0000000001b4d933 _ZN7replica8memtable5applyERK15frozen_mutationRKN7seastar13lw_shared_ptrIK6schemaEEON2db9rp_handleE (scylla + 0x194d933)
#2  0x0000000001a9693b _ZN7seastar8futurizeIvE6invokeIRZN7replica5table5applyERK15frozen_mutationNS_13lw_shared_ptrIK6schemaEEON2db9rp_handleENSt6chrono10time_pointINS_12lowres_clockENSF_8durationIlSt5ratioILl1ELl1000000000EEEEEEE4$_45JEEENS_6futureIvEEOT_DpOT0_ (scylla + 0x189693b)
#3  0x0000000001a115fa _ZN7replica5table5applyERK15frozen_mutationN7seastar13lw_shared_ptrIK6schemaEEON2db9rp_handleENSt6chrono10time_pointINS4_12lowres_clockENSC_8durationIlSt5ratioILl1ELl1000000000EEEEEE (scylla + 0x18115fa)
#4  0x000000000189b65e _ZN7replica8database8do_applyEN7seastar13lw_shared_ptrIK6schemaEERK15frozen_mutationN7tracing15trace_state_ptrENSt6chrono10time_pointINS1_12lowres_clockENSB_8durationIlSt5ratioILl1ELl1000000000EEEEEENS1_10bool_classIN2db14force_sync_tagEEESt7variantIJSt9monostateNSK_24per_partition_rate_limit12account_onlyENSP_19account_and_enforceEEE (scylla + 0x169b65e)
#5  0x000000000193b390 _ZN7seastar20noncopyable_functionIFNS_6futureIvEEPN7replica8databaseENS_13lw_shared_ptrIK6schemaEERK15frozen_mutationN7tracing15trace_state_ptrENSt6chrono10time_pointINS_12lowres_clockENSF_8durationIlSt5ratioILl1ELl1000000000EEEEEENS_10bool_classIN2db14force_sync_tagEEESt7variantIJSt9monostateNSO_24per_partition_rate_limit12account_onlyENST_19account_and_enforceEEEEE17direct_vtable_forISt7_Mem_fnIMS4_FS2_S9_SC_SE_SM_SQ_SW_EEE4callEPKSY_S5_S9_SC_SE_SM_SQ_SW_ (scylla + 0x173b390)
#6  0x000000000195deba _ZN7seastar20noncopyable_functionIFNS_6futureIvEEPN7replica8databaseENS_13lw_shared_ptrIK6schemaEERK15frozen_mutationN7tracing15trace_state_ptrENSt6chrono10time_pointINS_12lowres_clockENSF_8durationIlSt5ratioILl1ELl1000000000EEEEEENS_10bool_classIN2db14force_sync_tagEEESt7variantIJSt9monostateNSO_24per_partition_rate_limit12account_onlyENST_19account_and_enforceEEEEE17direct_vtable_forIZNS_35inheriting_concrete_execution_stageIS2_JS5_S9_SC_SE_SM_SQ_SW_EE20make_stage_for_groupENS_16scheduling_groupEEUlS5_S9_SC_SE_SM_SQ_SW_E_E4callEPKSY_S5_S9_SC_SE_SM_SQ_SW_ (scylla + 0x175deba)
#7  0x000000000195da8e _ZN7seastar24concrete_execution_stageINS_6futureIvEEJPN7replica8databaseENS_13lw_shared_ptrIK6schemaEERK15frozen_mutationN7tracing15trace_state_ptrENSt6chrono10time_pointINS_12lowres_clockENSF_8durationIlSt5ratioILl1ELl1000000000EEEEEENS_10bool_classIN2db14force_sync_tagEEESt7variantIJSt9monostateNSO_24per_partition_rate_limit12account_onlyENST_19account_and_enforceEEEEE8do_flushEv (scylla + 0x175da8e)
#8  0x0000000005663d14 _ZN7seastar11lambda_taskIZNS_15execution_stage5flushEvE3$_1E15run_and_disposeEv (scylla + 0x5463d14)
#9  0x00000000056b78a5 _ZN7seastar7reactor14run_some_tasksEv (scylla + 0x54b78a5)
#10 0x00000000056b8b28 _ZN7seastar7reactor6do_runEv (scylla + 0x54b8b28)
#11 0x00000000056db2f2 _ZNSt17_Function_handlerIFvvEZN7seastar3smp9configureERKNS1_11smp_optionsERKNS1_15reactor_optionsEE4$_96E9_M_invokeERKSt9_Any_data (scylla + 0x54db2f2)
#12 0x00000000056880bb _ZN7seastar12posix_thread13start_routineEPv (scylla + 0x54880bb)
#13 0x00007fb91dec212d start_thread (libc.so.6 + 0x8b12d)
#14 0x00007fb91df43bc0 __clone3 (libc.so.6 + 0x10cbc0)
Stack trace of thread 6197:
#0  0x0000000001b48b74 _ZN7replica8memtable24find_or_create_partitionERKN3dht13decorated_keyE (scylla + 0x1948b74)
#1  0x0000000001b4d82e _ZN7replica8memtable5applyERK15frozen_mutationRKN7seastar13lw_shared_ptrIK6schemaEEON2db9rp_handleE (scylla + 0x194d82e)
#2  0x0000000001a9693b _ZN7seastar8futurizeIvE6invokeIRZN7replica5table5applyERK15frozen_mutationNS_13lw_shared_ptrIK6schemaEEON2db9rp_handleENSt6chrono10time_pointINS_12lowres_clockENSF_8durationIlSt5ratioILl1ELl1000000000EEEEEEE4$_45JEEENS_6futureIvEEOT_DpOT0_ (scylla + 0x189693b)
#3  0x0000000001a115fa _ZN7replica5table5applyERK15frozen_mutationN7seastar13lw_shared_ptrIK6schemaEEON2db9rp_handleENSt6chrono10time_pointINS4_12lowres_clockENSC_8durationIlSt5ratioILl1ELl1000000000EEEEEE (scylla + 0x18115fa)
#4  0x000000000189b65e _ZN7replica8database8do_applyEN7seastar13lw_shared_ptrIK6schemaEERK15frozen_mutationN7tracing15trace_state_ptrENSt6chrono10time_pointINS1_12lowres_clockENSB_8durationIlSt5ratioILl1ELl1000000000EEEEEENS1_10bool_classIN2db14force_sync_tagEEESt7variantIJSt9monostateNSK_24per_partition_rate_limit12account_onlyENSP_19account_and_enforceEEE (scylla + 0x169b65e)
#5  0x000000000193b390 _ZN7seastar20noncopyable_functionIFNS_6futureIvEEPN7replica8databaseENS_13lw_shared_ptrIK6schemaEERK15frozen_mutationN7tracing15trace_state_ptrENSt6chrono10time_pointINS_12lowres_clockENSF_8durationIlSt5ratioILl1ELl1000000000EEEEEENS_10bool_classIN2db14force_sync_tagEEESt7variantIJSt9monostateNSO_24per_partition_rate_limit12account_onlyENST_19account_and_enforceEEEEE17direct_vtable_forISt7_Mem_fnIMS4_FS2_S9_SC_SE_SM_SQ_SW_EEE4callEPKSY_S5_S9_SC_SE_SM_SQ_SW_ (scylla + 0x173b390)
#6  0x000000000195deba _ZN7seastar20noncopyable_functionIFNS_6futureIvEEPN7replica8databaseENS_13lw_shared_ptrIK6schemaEERK15frozen_mutationN7tracing15trace_state_ptrENSt6chrono10time_pointINS_12lowres_clockENSF_8durationIlSt5ratioILl1ELl1000000000EEEEEENS_10bool_classIN2db14force_sync_tagEEESt7variantIJSt9monostateNSO_24per_partition_rate_limit12account_onlyENST_19account_and_enforceEEEEE17direct_vtable_forIZNS_35inheriting_concrete_execution_stageIS2_JS5_S9_SC_SE_SM_SQ_SW_EE20make_stage_for_groupENS_16scheduling_groupEEUlS5_S9_SC_SE_SM_SQ_SW_E_E4callEPKSY_S5_S9_SC_SE_SM_SQ_SW_ (scylla + 0x175deba)
#7  0x000000000195da8e _ZN7seastar24concrete_execution_stageINS_6futureIvEEJPN7replica8databaseENS_13lw_shared_ptrIK6schemaEERK15frozen_mutationN7tracing15trace_state_ptrENSt6chrono10time_pointINS_12lowres_clockENSF_8durationIlSt5ratioILl1ELl1000000000EEEEEENS_10bool_classIN2db14force_sync_tagEEESt7variantIJSt9monostateNSO_24per_partition_rate_limit12account_onlyENST_19account_and_enforceEEEEE8do_flushEv (scylla + 0x175da8e)
#8  0x0000000005663d14 _ZN7seastar11lambda_taskIZNS_15execution_stage5flushEvE3$_1E15run_and_disposeEv (scylla + 0x5463d14)
#9  0x00000000056b78a5 _ZN7seastar7reactor14run_some_tasksEv (scylla + 0x54b78a5)
#10 0x00000000056b8b28 _ZN7seastar7reactor6do_runEv (scylla + 0x54b8b28)
#11 0x00000000056db2f2 _ZNSt17_Function_handlerIFvvEZN7seastar3smp9configureERKNS1_11smp_optionsERKNS1_15reactor_optionsEE4$_96E9_M_invokeERKSt9_Any_data (scylla + 0x54db2f2)
#12 0x00000000056880bb _ZN7seastar12posix_thread13start_routineEPv (scylla + 0x54880bb)
#13 0x00007fb91dec212d start_thread (libc.so.6 + 0x8b12d)
#14 0x00007fb91df43bc0 __clone3 (libc.so.6 + 0x10cbc0)
Stack trace of thread 6187:
#0  0x00007fb91df3b92d syscall (libc.so.6 + 0x10492d)
#1  0x00000000057027c1 _ZN7seastar8internal13io_pgeteventsEmllPNS0_9linux_abi8io_eventEPK8timespecPK10__sigset_tb (scylla + 0x55027c1)
#2  0x00000000056fe3f5 _ZN7seastar19reactor_backend_aio12await_eventsEiPK10__sigset_t (scylla + 0x54fe3f5)
#3  0x00000000056feb10 _ZN7seastar19reactor_backend_aio23wait_and_process_eventsEPK10__sigset_t (scylla + 0x54feb10)
#4  0x00000000056b8e2d _ZN7seastar7reactor6do_runEv (scylla + 0x54b8e2d)
#5  0x00000000056db2f2 _ZNSt17_Function_handlerIFvvEZN7seastar3smp9configureERKNS1_11smp_optionsERKNS1_15reactor_optionsEE4$_96E9_M_invokeERKSt9_Any_data (scylla + 0x54db2f2)
#6  0x00000000056880bb _ZN7seastar12posix_thread13start_routineEPv (scylla + 0x54880bb)
#7  0x00007fb91dec212d start_thread (libc.so.6 + 0x8b12d)
#8  0x00007fb91df43bc0 __clone3 (libc.so.6 + 0x10cbc0)
download_instructions=gsutil cp gs://upload.scylladb.com/core.scylla.113.4da4d752274046bd9da3b3f49f0bcf0b.6184.1688280425000000/core.scylla.113.4da4d752274046bd9da3b3f49f0bcf0b.6184.1688280425000000.gz .
gunzip /var/lib/systemd/coredump/core.scylla.113.4da4d752274046bd9da3b3f49f0bcf0b.6184.1688280425000000.gz
```

## Impact

Scylla cored dump

## How frequently does it reproduce?

first time seeing it, and not sure how reproducible it is for now

## Installation details

Kernel Version: 5.15.0-1037-gcp
Scylla version (or git commit hash): `5.4.0~dev-20230702.1ab2bb69b8a6` with build-id `748a09783d18c97d903f62dcf4d96a6d9db4b527`

Cluster size: 6 nodes (n1-highmem-16)

Scylla Nodes used in this run:
- longevity-10gb-3h-master-db-node-b455fe7f-0-9 (35.185.4.246 | 10.142.0.89) (shards: 14)
- longevity-10gb-3h-master-db-node-b455fe7f-0-8 (34.74.154.210 | 10.142.0.80) (shards: 14)
- longevity-10gb-3h-master-db-node-b455fe7f-0-7 (34.138.92.218 | 10.142.0.79) (shards: 14)
- longevity-10gb-3h-master-db-node-b455fe7f-0-6 (35.227.57.126 | 10.142.0.75) (shards: 14)
- longevity-10gb-3h-master-db-node-b455fe7f-0-5 (34.139.89.249 | 10.142.0.74) (shards: 14)
- longevity-10gb-3h-master-db-node-b455fe7f-0-4 (34.139.87.128 | 10.142.0.73) (shards: 14)
- longevity-10gb-3h-master-db-node-b455fe7f-0-3 (34.148.76.146 | 10.142.0.72) (shards: 14)
- longevity-10gb-3h-master-db-node-b455fe7f-0-2 (35.190.140.43 | 10.142.0.71) (shards: 14)
- longevity-10gb-3h-master-db-node-b455fe7f-0-11 (34.139.89.249 | 10.142.0.93) (shards: 14)
- longevity-10gb-3h-master-db-node-b455fe7f-0-10 (34.138.92.218 | 10.142.0.92) (shards: 14)
- longevity-10gb-3h-master-db-node-b455fe7f-0-1 (35.185.85.249 | 10.142.0.25) (shards: 14)

OS / Image: `` (gce: undefined_region)

Test: `longevity-10gb-3h-gce-test`
Test id: `b455fe7f-1f0b-4034-9075-f6e5de0e7d86`
Test name: `scylla-master/longevity/longevity-10gb-3h-gce-test`
Test config file(s):

- [longevity-10gb-3h.yaml](https://github.com/scylladb/scylla-cluster-tests/blob/a30dca106c77fcc2654ea13a71c10d0959726df9/test-cases/longevity/longevity-10gb-3h.yaml)

<details>
<summary>
Logs and commands
</summary>

- Restore Monitor Stack command: `$ hydra investigate show-monitor b455fe7f-1f0b-4034-9075-f6e5de0e7d86`
- Restore monitor on AWS instance using [Jenkins job](https://jenkins.scylladb.com/view/QA/job/QA-tools/job/hydra-show-monitor/parambuild/?test_id=b455fe7f-1f0b-4034-9075-f6e5de0e7d86)
- Show all stored logs command: `$ hydra investigate show-logs b455fe7f-1f0b-4034-9075-f6e5de0e7d86`

## Logs:
- **db-cluster-b455fe7f.tar.gz** - [https://cloudius-jenkins-test.s3.amazonaws.com/b455fe7f-1f0b-4034-9075-f6e5de0e7d86/20230702_070344/db-cluster-b455fe7f.tar.gz](https://cloudius-jenkins-test.s3.amazonaws.com/b455fe7f-1f0b-4034-9075-f6e5de0e7d86/20230702_070344/db-cluster-b455fe7f.tar.gz)
- **sct-runner-events-b455fe7f.tar.gz** - [https://cloudius-jenkins-test.s3.amazonaws.com/b455fe7f-1f0b-4034-9075-f6e5de0e7d86/20230702_070344/sct-runner-events-b455fe7f.tar.gz](https://cloudius-jenkins-test.s3.amazonaws.com/b455fe7f-1f0b-4034-9075-f6e5de0e7d86/20230702_070344/sct-runner-events-b455fe7f.tar.gz)
- **sct-b455fe7f.log.tar.gz** - [https://cloudius-jenkins-test.s3.amazonaws.com/b455fe7f-1f0b-4034-9075-f6e5de0e7d86/20230702_070344/sct-b455fe7f.log.tar.gz](https://cloudius-jenkins-test.s3.amazonaws.com/b455fe7f-1f0b-4034-9075-f6e5de0e7d86/20230702_070344/sct-b455fe7f.log.tar.gz)
- **monitor-set-b455fe7f.tar.gz** - [https://cloudius-jenkins-test.s3.amazonaws.com/b455fe7f-1f0b-4034-9075-f6e5de0e7d86/20230702_070344/monitor-set-b455fe7f.tar.gz](https://cloudius-jenkins-test.s3.amazonaws.com/b455fe7f-1f0b-4034-9075-f6e5de0e7d86/20230702_070344/monitor-set-b455fe7f.tar.gz)
- **loader-set-b455fe7f.tar.gz** - [https://cloudius-jenkins-test.s3.amazonaws.com/b455fe7f-1f0b-4034-9075-f6e5de0e7d86/20230702_070344/loader-set-b455fe7f.tar.gz](https://cloudius-jenkins-test.s3.amazonaws.com/b455fe7f-1f0b-4034-9075-f6e5de0e7d86/20230702_070344/loader-set-b455fe7f.tar.gz)
- **parallel-timelines-report-b455fe7f.tar.gz** - [https://cloudius-jenkins-test.s3.amazonaws.com/b455fe7f-1f0b-4034-9075-f6e5de0e7d86/20230702_070344/parallel-timelines-report-b455fe7f.tar.gz](https://cloudius-jenkins-test.s3.amazonaws.com/b455fe7f-1f0b-4034-9075-f6e5de0e7d86/20230702_070344/parallel-timelines-report-b455fe7f.tar.gz)

[Jenkins job URL](https://jenkins.scylladb.com/job/scylla-master/job/longevity/job/longevity-10gb-3h-gce-test/369/)
[Argus](https://argus.scylladb.com/test/6e39841d-5ed5-4f83-aa70-f51949559234/runs?additionalRuns[]=b455fe7f-1f0b-4034-9075-f6e5de0e7d86)
</details>

**Comment by fgelcer** [comment]
couldn't add to the issue description, so here goes the coredump on node-11:
```
2023-07-02 06:52:59.444 <2023-07-02 06:47:33.000>: (CoreDumpEvent Severity.ERROR) period_type=one-time event_id=18e47991-9e8b-4e7a-b3af-5a76862360c7 node=Node longevity-10gb-3h-master-db-node-b455fe7f-0-11 [34.139.89.249 | 10.142.0.93] (seed: True)
corefile_url=https://storage.cloud.google.com/upload.scylladb.com/core.scylla.113.d2dca2571acc4be5b78417a29251d52a.6523.1688280453000000/core.scylla.113.d2dca2571acc4be5b78417a29251d52a.6523.1688280453000000.gz
backtrace=           PID: 6523 (scylla)
UID: 113 (scylla)
GID: 120 (scylla)
Signal: 11 (SEGV)
Timestamp: Sun 2023-07-02 06:47:33 UTC (2min 56s ago)
Command Line: /usr/bin/scylla --blocked-reactor-notify-ms 25 --abort-on-lsa-bad-alloc 1 --abort-on-seastar-bad-alloc --abort-on-internal-error 1 --abort-on-ebadf 1 --enable-sstable-key-validation 1 --log-to-syslog 1 --log-to-stdout 0 --default-log-level info --network-stack posix --io-properties-file=/etc/scylla.d/io_properties.yaml --cpuset 1-7,9-15 --lock-memory=1
Executable: /opt/scylladb/libexec/scylla
Control Group: /scylla.slice/scylla-server.slice/scylla-server.service
Unit: scylla-server.service
Slice: scylla-server.slice
Boot ID: d2dca2571acc4be5b78417a29251d52a
Machine ID: 00202e7a162a4eb929c8c37fa7fbedc2
Hostname: longevity-10gb-3h-master-db-node-b455fe7f-0-11
Storage: /var/lib/systemd/coredump/core.scylla.113.d2dca2571acc4be5b78417a29251d52a.6523.1688280453000000 (present)
Disk Size: 94.3G
Message: Process 6523 (scylla) of user 113 dumped core.
Found module linux-vdso.so.1 with build-id: d08587a00565d2294148fe53b06446209aec7ce0
Found module libcrypto.so.3 with build-id: 5f86a956fe1375ca4bcc060da69449c1840d3ddd
Metadata for module libcrypto.so.3 owned by FDO found: {
"type" : "rpm",
"name" : "openssl",
"version" : "3.0.8-1.fc37",
"architecture" : "x86_64",
"osCpe" : "cpe:/o:fedoraproject:fedora:37"
}
Found module libssl.so.3 with build-id: ec66552a3db19f64f2810273283ab3f335f6d9a0
Metadata for module libssl.so.3 owned by FDO found: {
"type" : "rpm",
"name" : "openssl",
"version" : "3.0.8-1.fc37",
"architecture" : "x86_64",
"osCpe" : "cpe:/o:fedoraproject:fedora:37"
}
Found module libzstd.so.1 with build-id: acc023d4e29c24327ef3e1a7ad9cf6185421b16b
Metadata for module libzstd.so.1 owned by FDO found: {
"type" : "rpm",
"name" : "zstd",
"version" : "1.5.5-1.fc37",
"architecture" : "x86_64",
"osCpe" : "cpe:/o:fedoraproject:fedora:37"
}
Found module liblzma.so.5 with build-id: 229e4304be252acde566b640d512c5daf306b971
Metadata for module liblzma.so.5 owned by FDO found: {
"type" : "rpm",
"name" : "xz",
"version" : "5.4.1-1.fc37",
"architecture" : "x86_64",
"osCpe" : "cpe:/o:fedoraproject:fedora:37"
}
Found module libcap.so.2 with build-id: f3f24bb6e411e3885602e753eda1e764fc1f5bfb
Metadata for module libcap.so.2 owned by FDO found: {
"type" : "rpm",
"name" : "libcap",
"version" : "2.48-5.fc37",
"architecture" : "x86_64",
"osCpe" : "cpe:/o:fedoraproject:fedora:37"
}
Found module libicudata.so.71 with build-id: 47276216e74b87c4b9bd01ac85c7bf332e6f2aed
Metadata for module libicudata.so.71 owned by FDO found: {
"type" : "rpm",
"name" : "icu",
"version" : "71.1-2.fc37",
"architecture" : "x86_64",
"osCpe" : "cpe:/o:fedoraproject:fedora:37"
}
Found module libffi.so.8 with build-id: 56594b436dfdeaf3559f3dd0748c0e476cca46de
Metadata for module libffi.so.8 owned by FDO found: {
"type" : "rpm",
"name" : "libffi",
"version" : "3.4.4-1.fc37",
"architecture" : "x86_64",
"osCpe" : "cpe:/o:fedoraproject:fedora:37"
}
Found module ld.so with build-id: bb6fec54c7521fddc569a2f4e141dfb97bf3acbe
Found module libc.so.6 with build-id: 81daba31ee66dbd63efdc4252a872949d874d136
Found module libgcc_s.so.1 with build-id: bad96a3adc0a3a006e7ef4900ff3ae1ddcc33ed2
Found module libstdc++.so.6 with build-id: 5c63442039be42a72c8722574572171b19f18d66
Found module libboost_unit_test_framework.so.1.78.0 with build-id: a36d99071d10c86578feab1480b17b8842ebf327
Metadata for module libboost_unit_test_framework.so.1.78.0 owned by FDO found: {
"type" : "rpm",
"name" : "boost",
"version" : "1.78.0-9.fc37",
"architecture" : "x86_64",
"osCpe" : "cpe:/o:fedoraproject:fedora:37"
}
Found module libthrift-0.14.0.so with build-id: 17998af2b27e0e5d136b0a16c5b0a380314fac76
Metadata for module libthrift-0.14.0.so owned by FDO found: {
"type" : "rpm",
"name" : "thrift",
"version" : "0.14.0-11.fc37",
"architecture" : "x86_64",
"osCpe" : "cpe:/o:fedoraproject:fedora:37"
}
Found module libabsl_low_level_hash.so.2206.0.0 with build-id: fdc2e19d07f096efad1bda8b1cc6bea21d123251
Metadata for module libabsl_low_level_hash.so.2206.0.0 owned by FDO found: {
"type" : "rpm",
"name" : "abseil-cpp",
"version" : "20220623.1-2.fc37",
"architecture" : "x86_64",
"osCpe" : "cpe:/o:fedoraproject:fedora:37"
}
Found module libabsl_bad_variant_access.so.2206.0.0 with build-id: 1f590c0023e04f11b40241a4ddf594ee45aa4beb
Metadata for module libabsl_bad_variant_access.so.2206.0.0 owned by FDO found: {
"type" : "rpm",
"name" : "abseil-cpp",
"version" : "20220623.1-2.fc37",
"architecture" : "x86_64",
"osCpe" : "cpe:/o:fedoraproject:fedora:37"
}
Found module libabsl_city.so.2206.0.0 with build-id: 41317e95f94aab848cc33a5cda517e3f49d71546
Metadata for module libabsl_city.so.2206.0.0 owned by FDO found: {
"type" : "rpm",
"name" : "abseil-cpp",
"version" : "20220623.1-2.fc37",
"architecture" : "x86_64",
"osCpe" : "cpe:/o:fedoraproject:fedora:37"
}
Found module libabsl_hash.so.2206.0.0 with build-id: ff096a0a3c80b19b1ef2943e4260a2e841fcf8e6
Metadata for module libabsl_hash.so.2206.0.0 owned by FDO found: {
"type" : "rpm",
"name" : "abseil-cpp",
"version" : "20220623.1-2.fc37",
"architecture" : "x86_64",
"osCpe" : "cpe:/o:fedoraproject:fedora:37"
}
Found module libabsl_time_zone.so.2206.0.0 with build-id: 0d29b564e560fcc7571511a2374dc92d8f4c372c
Metadata for module libabsl_time_zone.so.2206.0.0 owned by FDO found: {
"type" : "rpm",
"name" : "abseil-cpp",
"version" : "20220623.1-2.fc37",
"architecture" : "x86_64",
"osCpe" : "cpe:/o:fedoraproject:fedora:37"
}
Found module libabsl_log_severity.so.2206.0.0 with build-id: ed0db9c343a3fcba9ca557f201dac37127fa4f8c
Metadata for module libabsl_log_severity.so.2206.0.0 owned by FDO found: {
"type" : "rpm",
"name" : "abseil-cpp",
"version" : "20220623.1-2.fc37",
"architecture" : "x86_64",
"osCpe" : "cpe:/o:fedoraproject:fedora:37"
}
Found module libabsl_raw_logging_internal.so.2206.0.0 with build-id: 72311601321423fbe0059f92782915f80df9c60d
Metadata for module libabsl_raw_logging_internal.so.2206.0.0 owned by FDO found: {
"type" : "rpm",
"name" : "abseil-cpp",
"version" : "20220623.1-2.fc37",
"architecture" : "x86_64",
"osCpe" : "cpe:/o:fedoraproject:fedora:37"
}
Found module libabsl_throw_delegate.so.2206.0.0 with build-id: 932f5e508e1571a7c6667bd86a17aff76ffc4180
Metadata for module libabsl_throw_delegate.so.2206.0.0 owned by FDO found: {
"type" : "rpm",
"name" : "abseil-cpp",
"version" : "20220623.1-2.fc37",
"architecture" : "x86_64",
"osCpe" : "cpe:/o:fedoraproject:fedora:37"
}
Found module libabsl_int128.so.2206.0.0 with build-id: 05d04d47bedd259ccbf9b092769b32fd0d8b765f
Metadata for module libabsl_int128.so.2206.0.0 owned by FDO found: {
"type" : "rpm",
"name" : "abseil-cpp",
"version" : "20220623.1-2.fc37",
"architecture" : "x86_64",
"osCpe" : "cpe:/o:fedoraproject:fedora:37"
}
Found module libabsl_spinlock_wait.so.2206.0.0 with build-id: f8b9f8cc0c1b25ca41377433a64a6550b26907cb
Metadata for module libabsl_spinlock_wait.so.2206.0.0 owned by FDO found: {
"type" : "rpm",
"name" : "abseil-cpp",
"version" : "20220623.1-2.fc37",
"architecture" : "x86_64",
"osCpe" : "cpe:/o:fedoraproject:fedora:37"
}
Found module libabsl_base.so.2206.0.0 with build-id: 089fe509992453bb2d1ce48f76af25b761468153
Metadata for module libabsl_base.so.2206.0.0 owned by FDO found: {
"type" : "rpm",
"name" : "abseil-cpp",
"version" : "20220623.1-2.fc37",
"architecture" : "x86_64",
"osCpe" : "cpe:/o:fedoraproject:fedora:37"
}
Found module libabsl_strings_internal.so.2206.0.0 with build-id: f094d922b90ac4e56294f6b32a2130ff0a895a86
Metadata for module libabsl_strings_internal.so.2206.0.0 owned by FDO found: {
"type" : "rpm",
"name" : "abseil-cpp",
"version" : "20220623.1-2.fc37",
"architecture" : "x86_64",
"osCpe" : "cpe:/o:fedoraproject:fedora:37"
}
Found module libabsl_strings.so.2206.0.0 with build-id: 1c21cdc8941756892ad1b004150d4a39efbbd6c2
Metadata for module libabsl_strings.so.2206.0.0 owned by FDO found: {
"type" : "rpm",
"name" : "abseil-cpp",
"version" : "20220623.1-2.fc37",
"architecture" : "x86_64",
"osCpe" : "cpe:/o:fedoraproject:fedora:37"
}
Found module libabsl_civil_time.so.2206.0.0 with build-id: dc41ccb89909a366a5be4900c4ad3414ed818790
Metadata for module libabsl_civil_time.so.2206.0.0 owned by FDO found: {
"type" : "rpm",
"name" : "abseil-cpp",
"version" : "20220623.1-2.fc37",
"architecture" : "x86_64",
"osCpe" : "cpe:/o:fedoraproject:fedora:37"
}
Found module libabsl_time.so.2206.0.0 with build-id: a7dd777b5bf5cf7438b8fd418396c05ea00d8371
Metadata for module libabsl_time.so.2206.0.0 owned by FDO found: {
"type" : "rpm",
"name" : "abseil-cpp",
"version" : "20220623.1-2.fc37",
"architecture" : "x86_64",
"osCpe" : "cpe:/o:fedoraproject:fedora:37"
}
Found module libabsl_malloc_internal.so.2206.0.0 with build-id: 15fca201e10b00f727694f7bac973d81ac1d7d22
Metadata for module libabsl_malloc_internal.so.2206.0.0 owned by FDO found: {
"type" : "rpm",
"name" : "abseil-cpp",
"version" : "20220623.1-2.fc37",
"architecture" : "x86_64",
"osCpe" : "cpe:/o:fedoraproject:fedora:37"
}
Found module libabsl_demangle_internal.so.2206.0.0 with build-id: e5c07a3c01cb5e97f543ecaa85659de88af66a82
Metadata for module libabsl_demangle_internal.so.2206.0.0 owned by FDO found: {
"type" : "rpm",
"name" : "abseil-cpp",
"version" : "20220623.1-2.fc37",
"architecture" : "x86_64",
"osCpe" : "cpe:/o:fedoraproject:fedora:37"
}
Found module libabsl_debugging_internal.so.2206.0.0 with build-id: 91aad3458461d78f421f83684b9d31ae5ba95764
Metadata for module libabsl_debugging_internal.so.2206.0.0 owned by FDO found: {
"type" : "rpm",
"name" : "abseil-cpp",
"version" : "20220623.1-2.fc37",
"architecture" : "x86_64",
"osCpe" : "cpe:/o:fedoraproject:fedora:37"
}
Found module libabsl_symbolize.so.2206.0.0 with build-id: cacbe0e5704729a2198db9ea87680dc292474c9f
Metadata for module libabsl_symbolize.so.2206.0.0 owned by FDO found: {
"type" : "rpm",
"name" : "abseil-cpp",
"version" : "20220623.1-2.fc37",
"architecture" : "x86_64",
"osCpe" : "cpe:/o:fedoraproject:fedora:37"
}
Found module libabsl_stacktrace.so.2206.0.0 with build-id: 0c356bbf44c196a8964e52aba16bd6fb494dbd9e
Metadata for module libabsl_stacktrace.so.2206.0.0 owned by FDO found: {
"type" : "rpm",
"name" : "abseil-cpp",
"version" : "20220623.1-2.fc37",
"architecture" : "x86_64",
"osCpe" : "cpe:/o:fedoraproject:fedora:37"
}
Found module libabsl_graphcycles_internal.so.2206.0.0 with build-id: e226bdc2aae8a5fb7bc33ee829471bc327562c26
Metadata for module libabsl_graphcycles_internal.so.2206.0.0 owned by FDO found: {
"type" : "rpm",
"name" : "abseil-cpp",
"version" : "20220623.1-2.fc37",
"architecture" : "x86_64",
"osCpe" : "cpe:/o:fedoraproject:fedora:37"
}
Found module libabsl_synchronization.so.2206.0.0 with build-id: 4735025bbc9620497773e101f64c600116766443
Metadata for module libabsl_synchronization.so.2206.0.0 owned by FDO found: {
"type" : "rpm",
"name" : "abseil-cpp",
"version" : "20220623.1-2.fc37",
"architecture" : "x86_64",
"osCpe" : "cpe:/o:fedoraproject:fedora:37"
}
Found module libabsl_exponential_biased.so.2206.0.0 with build-id: 9c52b6b35dd5467d2bdc5742bea8f7223892f249
Metadata for module libabsl_exponential_biased.so.2206.0.0 owned by FDO found: {
"type" : "rpm",
"name" : "abseil-cpp",
"version" : "20220623.1-2.fc37",
"architecture" : "x86_64",
"osCpe" : "cpe:/o:fedoraproject:fedora:37"
}
Found module libabsl_hashtablez_sampler.so.2206.0.0 with build-id: 6de93b940b6f342a03efd7ad4758b9eaed0acbb9
Metadata for module libabsl_hashtablez_sampler.so.2206.0.0 owned by FDO found: {
"type" : "rpm",
"name" : "abseil-cpp",
"version" : "20220623.1-2.fc37",
"architecture" : "x86_64",
"osCpe" : "cpe:/o:fedoraproject:fedora:37"
}
Found module libabsl_bad_optional_access.so.2206.0.0 with build-id: 0baafb3bd65e673b35368a6e339a2b3822de4314
Metadata for module libabsl_bad_optional_access.so.2206.0.0 owned by FDO found: {
"type" : "rpm",
"name" : "abseil-cpp",
"version" : "20220623.1-2.fc37",
"architecture" : "x86_64",
"osCpe" : "cpe:/o:fedoraproject:fedora:37"
}
Found module libabsl_raw_hash_set.so.2206.0.0 with build-id: b5cdc3a20fcb6192028df8d6abff4c7a45bc5cb8
Metadata for module libabsl_raw_hash_set.so.2206.0.0 owned by FDO found: {
"type" : "rpm",
"name" : "abseil-cpp",
"version" : "20220623.1-2.fc37",
"architecture" : "x86_64",
"osCpe" : "cpe:/o:fedoraproject:fedora:37"
}
Found module libsystemd.so.0 with build-id: daf81fef8e9a910d25dbf2312ad2a3670bfedf2c
Metadata for module libsystemd.so.0 owned by FDO found: {
"type" : "rpm",
"name" : "systemd",
"version" : "251.14-2.fc37",
"architecture" : "x86_64",
"osCpe" : "cpe:/o:fedoraproject:fedora:37"
}
Found module liblua-5.4.so with build-id: 1b859f8bd50772ce0b191ad7280404d708e6f2dd
Metadata for module liblua-5.4.so owned by FDO found: {
"type" : "rpm",
"name" : "lua",
"version" : "5.4.4-9.fc37",
"architecture" : "x86_64",
"osCpe" : "cpe:/o:fedoraproject:fedora:37"
}
Found module libdeflate.so.0 with build-id: 4a9b9e6426b09c7727eca5906705cd47d6356b52
Metadata for module libdeflate.so.0 owned by FDO found: {
"type" : "rpm",
"name" : "libdeflate",
"version" : "1.9-4.fc37",
"architecture" : "x86_64",
"osCpe" : "cpe:/o:fedoraproject:fedora:37"
}
Found module libxxhash.so.0 with build-id: e9d597d29fee60aa936d42919d5478b1489fcfcd
Metadata for module libxxhash.so.0 owned by FDO found: {
"type" : "rpm",
"name" : "xxhash",
"version" : "0.8.1-3.fc37",
"architecture" : "x86_64",
"osCpe" : "cpe:/o:fedoraproject:fedora:37"
}
Found module libicui18n.so.71 with build-id: f4748e4011f7e0fd328ade31e62bc9167e417b74
Metadata for module libicui18n.so.71 owned by FDO found: {
"type" : "rpm",
"name" : "icu",
"version" : "71.1-2.fc37",
"architecture" : "x86_64",
"osCpe" : "cpe:/o:fedoraproject:fedora:37"
}
Found module libicuuc.so.71 with build-id: f0a97a601f057dd0739c60482ff1b33c5e054456
Metadata for module libicuuc.so.71 owned by FDO found: {
"type" : "rpm",
"name" : "icu",
"version" : "71.1-2.fc37",
"architecture" : "x86_64",
"osCpe" : "cpe:/o:fedoraproject:fedora:37"
}
Found module libboost_regex.so.1.78.0 with build-id: 72db12b143d11d0a1f6b4d087ba66b0bed1b143a
Metadata for module libboost_regex.so.1.78.0 owned by FDO found: {
"type" : "rpm",
"name" : "boost",
"version" : "1.78.0-9.fc37",
"architecture" : "x86_64",
"osCpe" : "cpe:/o:fedoraproject:fedora:37"
}
Found module libboost_date_time.so.1.78.0 with build-id: eb65c4205b9d9fd037e8c33e34d2f0c529041ff2
Metadata for module libboost_date_time.so.1.78.0 owned by FDO found: {
"type" : "rpm",
"name" : "boost",
"version" : "1.78.0-9.fc37",
"architecture" : "x86_64",
"osCpe" : "cpe:/o:fedoraproject:fedora:37"
}
Found module libcrypt.so.2 with build-id: e9a4200cc454d25322877cefcc51815d420ac9aa
Metadata for module libcrypt.so.2 owned by FDO found: {
"type" : "rpm",
"name" : "libxcrypt",
"version" : "4.4.33-4.fc37",
"architecture" : "x86_64",
"osCpe" : "cpe:/o:fedoraproject:fedora:37"
}
Found module libjsoncpp.so.25 with build-id: 81664b30fef3b5f5552d5127aa7df65a5540b19e
Metadata for module libjsoncpp.so.25 owned by FDO found: {
"type" : "rpm",
"name" : "jsoncpp",
"version" : "1.9.5-3.fc37",
"architecture" : "x86_64",
"osCpe" : "cpe:/o:fedoraproject:fedora:37"
}
Found module libsnappy.so.1 with build-id: a7aec4ee674baa81a2a0f445be25f068d676fe4b
Metadata for module libsnappy.so.1 owned by FDO found: {
"type" : "rpm",
"name" : "snappy",
"version" : "1.1.9-5.fc37",
"architecture" : "x86_64",
"osCpe" : "cpe:/o:fedoraproject:fedora:37"
}
Found module libz.so.1 with build-id: d94299d7572e23295ceaf7674110eb6f2689cd91
Metadata for module libz.so.1 owned by FDO found: {
"type" : "rpm",
"name" : "zlib",
"version" : "1.2.12-5.fc37",
"architecture" : "x86_64",
"osCpe" : "cpe:/o:fedoraproject:fedora:37"
}
Found module libyaml-cpp.so.0.6 with build-id: 4b5879027e25c21db9008a81ce6936b85aeb856e
Metadata for module libyaml-cpp.so.0.6 owned by FDO found: {
"type" : "rpm",
"name" : "yaml-cpp",
"version" : "0.6.3-7.fc37",
"architecture" : "x86_64",
"osCpe" : "cpe:/o:fedoraproject:fedora:37"
}
Found module libm.so.6 with build-id: 9ca49f056adbf7edc2bda92b95a74d491abe03f2
Found module libhwloc.so.15 with build-id: dc3323c96c1be89f9270a8b8e4e9623181a59e84
Metadata for module libhwloc.so.15 owned by FDO found: {
"type" : "rpm",
"name" : "hwloc",
"version" : "2.5.0-4.fc37",
"architecture" : "x86_64",
"osCpe" : "cpe:/o:fedoraproject:fedora:37"
}
Found module libp11-kit.so.0 with build-id: eab90567b10ce2fa21b2a7eb4e5a3e097e63b4af
Metadata for module libp11-kit.so.0 owned by FDO found: {
"type" : "rpm",
"name" : "p11-kit",
"version" : "0.24.1-3.fc37",
"architecture" : "x86_64",
"osCpe" : "cpe:/o:fedoraproject:fedora:37"
}
Found module libidn2.so.0 with build-id: 220865bcdf15c803f8dd897650798ecb5c2ef1e6
Metadata for module libidn2.so.0 owned by FDO found: {
"type" : "rpm",
"name" : "libidn2",
"version" : "2.3.4-1.fc37",
"architecture" : "x86_64",
"osCpe" : "cpe:/o:fedoraproject:fedora:37"
}
Found module libtasn1.so.6 with build-id: 98238deb249115cc63cf294d5e3f04a26b204496
Metadata for module libtasn1.so.6 owned by FDO found: {
"type" : "rpm",
"name" : "libtasn1",
"version" : "4.19.0-1.fc37",
"architecture" : "x86_64",
"osCpe" : "cpe:/o:fedoraproject:fedora:37"
}
Found module libhogweed.so.6 with build-id: 6f32d090a6de6b372ab9258d2f9656c808aba96d
Metadata for module libhogweed.so.6 owned by FDO found: {
"type" : "rpm",
"name" : "nettle",
"version" : "3.8-2.fc37",
"architecture" : "x86_64",
"osCpe" : "cpe:/o:fedoraproject:fedora:37"
}
Found module libnettle.so.8 with build-id: c0f18d9e28d93220296008fe3bc58b22347b1835
Metadata for module libnettle.so.8 owned by FDO found: {
"type" : "rpm",
"name" : "nettle",
"version" : "3.8-2.fc37",
"architecture" : "x86_64",
"osCpe" : "cpe:/o:fedoraproject:fedora:37"
}
Found module libunistring.so.2 with build-id: 0c89f0c5be4a239b6ab72dc3aa015b95fc8ede0d
Stack trace of thread 6531:
#0  0x0000000005673eb3 _ZN7seastar6memory8allocateEm (scylla + 0x5473eb3)
#1  0x0000000005676706 malloc (scylla + 0x5476706)
#2  0x000000000567fc8e _ZN7seastar7metrics4impl18metric_family_infoC2ERKS2_ (scylla + 0x547fc8e)
#3  0x000000000567d9ff _ZN7seastar7metrics4impl4impl24update_metrics_if_neededEv (scylla + 0x547d9ff)
#4  0x000000000567d21b _ZN7seastar7metrics4impl10get_valuesEv (scylla + 0x547d21b)
#5  0x000000000568adfe _ZN7seastar17smp_message_queue15async_work_itemIZZNS_10prometheusL13get_map_valueERNS2_26metrics_families_per_shardEENK3$_0clIjEEDaT_EUlvE_E15run_and_disposeEv (scylla + 0x548adfe)
#6  0x00000000056b78a5 _ZN7seastar7reactor14run_some_tasksEv (scylla + 0x54b78a5)
#7  0x00000000056b8b28 _ZN7seastar7reactor6do_runEv (scylla + 0x54b8b28)
#8  0x00000000056db2f2 _ZNSt17_Function_handlerIFvvEZN7seastar3smp9configureERKNS1_11smp_optionsERKNS1_15reactor_optionsEE4$_96E9_M_invokeERKSt9_Any_data (scylla + 0x54db2f2)
#9  0x00000000056880bb _ZN7seastar12posix_thread13start_routineEPv (scylla + 0x54880bb)
#10 0x00007fb80d84a12d start_thread (libc.so.6 + 0x8b12d)
#11 0x00007fb80d8cbbc0 __clone3 (libc.so.6 + 0x10cbc0)
Stack trace of thread 6553:
#0  0x00007fb80d8ba21c read (libc.so.6 + 0xfb21c)
#1  0x00000000056fc805 _ZN7seastar11thread_pool4workENS_13basic_sstringIcjLj15ELb1EEE (scylla + 0x54fc805)
#2  0x00000000056fcb12 _ZNSt17_Function_handlerIFvvEZN7seastar11thread_poolC1EPNS1_7reactorENS1_13basic_sstringIcjLj15ELb1EEEE3$_0E9_M_invokeERKSt9_Any_data (scylla + 0x54fcb12)
#3  0x00000000056880bb _ZN7seastar12posix_thread13start_routineEPv (scylla + 0x54880bb)
#4  0x00007fb80d84a12d start_thread (libc.so.6 + 0x8b12d)
#5  0x00007fb80d8cbbc0 __clone3 (libc.so.6 + 0x10cbc0)
Stack trace of thread 6547:
#0  0x00007fb80d8ba21c read (libc.so.6 + 0xfb21c)
#1  0x00000000056fc805 _ZN7seastar11thread_pool4workENS_13basic_sstringIcjLj15ELb1EEE (scylla + 0x54fc805)
#2  0x00000000056fcb12 _ZNSt17_Function_handlerIFvvEZN7seastar11thread_poolC1EPNS1_7reactorENS1_13basic_sstringIcjLj15ELb1EEEE3$_0E9_M_invokeERKSt9_Any_data (scylla + 0x54fcb12)
#3  0x00000000056880bb _ZN7seastar12posix_thread13start_routineEPv (scylla + 0x54880bb)
#4  0x00007fb80d84a12d start_thread (libc.so.6 + 0x8b12d)
#5  0x00007fb80d8cbbc0 __clone3 (libc.so.6 + 0x10cbc0)
Stack trace of thread 6544:
#0  0x00007fb80d8ba21c read (libc.so.6 + 0xfb21c)
#1  0x00000000056fc805 _ZN7seastar11thread_pool4workENS_13basic_sstringIcjLj15ELb1EEE (scylla + 0x54fc805)
#2  0x00000000056fcb12 _ZNSt17_Function_handlerIFvvEZN7seastar11thread_poolC1EPNS1_7reactorENS1_13basic_sstringIcjLj15ELb1EEEE3$_0E9_M_invokeERKSt9_Any_data (scylla + 0x54fcb12)
#3  0x00000000056880bb _ZN7seastar12posix_thread13start_routineEPv (scylla + 0x54880bb)
#4  0x00007fb80d84a12d start_thread (libc.so.6 + 0x8b12d)
#5  0x00007fb80d8cbbc0 __clone3 (libc.so.6 + 0x10cbc0)
Stack trace of thread 6543:
#0  0x00007fb80d8ba21c read (libc.so.6 + 0xfb21c)
#1  0x00000000056fc805 _ZN7seastar11thread_pool4workENS_13basic_sstringIcjLj15ELb1EEE (scylla + 0x54fc805)
#2  0x00000000056fcb12 _ZNSt17_Function_handlerIFvvEZN7seastar11thread_poolC1EPNS1_7reactorENS1_13basic_sstringIcjLj15ELb1EEEE3$_0E9_M_invokeERKSt9_Any_data (scylla + 0x54fcb12)
#3  0x00000000056880bb _ZN7seastar12posix_thread13start_routineEPv (scylla + 0x54880bb)
#4  0x00007fb80d84a12d start_thread (libc.so.6 + 0x8b12d)
#5  0x00007fb80d8cbbc0 __clone3 (libc.so.6 + 0x10cbc0)
Stack trace of thread 6554:
#0  0x00007fb80d8ba21c read (libc.so.6 + 0xfb21c)
#1  0x00000000056fc805 _ZN7seastar11thread_pool4workENS_13basic_sstringIcjLj15ELb1EEE (scylla + 0x54fc805)
#2  0x00000000056fcb12 _ZNSt17_Function_handlerIFvvEZN7seastar11thread_poolC1EPNS1_7reactorENS1_13basic_sstringIcjLj15ELb1EEEE3$_0E9_M_invokeERKSt9_Any_data (scylla + 0x54fcb12)
#3  0x00000000056880bb _ZN7seastar12posix_thread13start_routineEPv (scylla + 0x54880bb)
#4  0x00007fb80d84a12d start_thread (libc.so.6 + 0x8b12d)
#5  0x00007fb80d8cbbc0 __clone3 (libc.so.6 + 0x10cbc0)
Stack trace of thread 6551:
#0  0x00007fb80d8ba21c read (libc.so.6 + 0xfb21c)
#1  0x00000000056fc805 _ZN7seastar11thread_pool4workENS_13basic_sstringIcjLj15ELb1EEE (scylla + 0x54fc805)
#2  0x00000000056fcb12 _ZNSt17_Function_handlerIFvvEZN7seastar11thread_poolC1EPNS1_7reactorENS1_13basic_sstringIcjLj15ELb1EEEE3$_0E9_M_invokeERKSt9_Any_data (scylla + 0x54fcb12)
#3  0x00000000056880bb _ZN7seastar12posix_thread13start_routineEPv (scylla + 0x54880bb)
#4  0x00007fb80d84a12d start_thread (libc.so.6 + 0x8b12d)
#5  0x00007fb80d8cbbc0 __clone3 (libc.so.6 + 0x10cbc0)
Stack trace of thread 6550:
#0  0x00007fb80d8ba21c read (libc.so.6 + 0xfb21c)
#1  0x00000000056fc805 _ZN7seastar11thread_pool4workENS_13basic_sstringIcjLj15ELb1EEE (scylla + 0x54fc805)
#2  0x00000000056fcb12 _ZNSt17_Function_handlerIFvvEZN7seastar11thread_poolC1EPNS1_7reactorENS1_13basic_sstringIcjLj15ELb1EEEE3$_0E9_M_invokeERKSt9_Any_data (scylla + 0x54fcb12)
#3  0x00000000056880bb _ZN7seastar12posix_thread13start_routineEPv (scylla + 0x54880bb)
#4  0x00007fb80d84a12d start_thread (libc.so.6 + 0x8b12d)
#5  0x00007fb80d8cbbc0 __clone3 (libc.so.6 + 0x10cbc0)
Stack trace of thread 6546:
#0  0x00007fb80d8ba21c read (libc.so.6 + 0xfb21c)
#1  0x00000000056fc805 _ZN7seastar11thread_pool4workENS_13basic_sstringIcjLj15ELb1EEE (scylla + 0x54fc805)
#2  0x00000000056fcb12 _ZNSt17_Function_handlerIFvvEZN7seastar11thread_poolC1EPNS1_7reactorENS1_13basic_sstringIcjLj15ELb1EEEE3$_0E9_M_invokeERKSt9_Any_data (scylla + 0x54fcb12)
#3  0x00000000056880bb _ZN7seastar12posix_thread13start_routineEPv (scylla + 0x54880bb)
#4  0x00007fb80d84a12d start_thread (libc.so.6 + 0x8b12d)
#5  0x00007fb80d8cbbc0 __clone3 (libc.so.6 + 0x10cbc0)
Stack trace of thread 6552:
#0  0x00007fb80d8ba21c read (libc.so.6 + 0xfb21c)
#1  0x00000000056fc805 _ZN7seastar11thread_pool4workENS_13basic_sstringIcjLj15ELb1EEE (scylla + 0x54fc805)
#2  0x00000000056fcb12 _ZNSt17_Function_handlerIFvvEZN7seastar11thread_poolC1EPNS1_7reactorENS1_13basic_sstringIcjLj15ELb1EEEE3$_0E9_M_invokeERKSt9_Any_data (scylla + 0x54fcb12)
#3  0x00000000056880bb _ZN7seastar12posix_thread13start_routineEPv (scylla + 0x54880bb)
#4  0x00007fb80d84a12d start_thread (libc.so.6 + 0x8b12d)
#5  0x00007fb80d8cbbc0 __clone3 (libc.so.6 + 0x10cbc0)
Stack trace of thread 6545:
#0  0x00007fb80d8ba21c read (libc.so.6 + 0xfb21c)
#1  0x00000000056fc805 _ZN7seastar11thread_pool4workENS_13basic_sstringIcjLj15ELb1EEE (scylla + 0x54fc805)
#2  0x00000000056fcb12 _ZNSt17_Function_handlerIFvvEZN7seastar11thread_poolC1EPNS1_7reactorENS1_13basic_sstringIcjLj15ELb1EEEE3$_0E9_M_invokeERKSt9_Any_data (scylla + 0x54fcb12)
#3  0x00000000056880bb _ZN7seastar12posix_thread13start_routineEPv (scylla + 0x54880bb)
#4  0x00007fb80d84a12d start_thread (libc.so.6 + 0x8b12d)
#5  0x00007fb80d8cbbc0 __clone3 (libc.so.6 + 0x10cbc0)
Stack trace of thread 6549:
#0  0x00007fb80d8ba21c read (libc.so.6 + 0xfb21c)
#1  0x00000000056fc805 _ZN7seastar11thread_pool4workENS_13basic_sstringIcjLj15ELb1EEE (scylla + 0x54fc805)
#2  0x00000000056fcb12 _ZNSt17_Function_handlerIFvvEZN7seastar11thread_poolC1EPNS1_7reactorENS1_13basic_sstringIcjLj15ELb1EEEE3$_0E9_M_invokeERKSt9_Any_data (scylla + 0x54fcb12)
#3  0x00000000056880bb _ZN7seastar12posix_thread13start_routineEPv (scylla + 0x54880bb)
#4  0x00007fb80d84a12d start_thread (libc.so.6 + 0x8b12d)
#5  0x00007fb80d8cbbc0 __clone3 (libc.so.6 + 0x10cbc0)
Stack trace of thread 6548:
#0  0x00007fb80d8ba21c read (libc.so.6 + 0xfb21c)
#1  0x00000000056fc805 _ZN7seastar11thread_pool4workENS_13basic_sstringIcjLj15ELb1EEE (scylla + 0x54fc805)
#2  0x00000000056fcb12 _ZNSt17_Function_handlerIFvvEZN7seastar11thread_poolC1EPNS1_7reactorENS1_13basic_sstringIcjLj15ELb1EEEE3$_0E9_M_invokeERKSt9_Any_data (scylla + 0x54fcb12)
#3  0x00000000056880bb _ZN7seastar12posix_thread13start_routineEPv (scylla + 0x54880bb)
#4  0x00007fb80d84a12d start_thread (libc.so.6 + 0x8b12d)
#5  0x00007fb80d8cbbc0 __clone3 (libc.so.6 + 0x10cbc0)
Stack trace of thread 6556:
#0  0x00007fb80d8ba21c read (libc.so.6 + 0xfb21c)
#1  0x00000000056fc805 _ZN7seastar11thread_pool4workENS_13basic_sstringIcjLj15ELb1EEE (scylla + 0x54fc805)
#2  0x00000000056fcb12 _ZNSt17_Function_handlerIFvvEZN7seastar11thread_poolC1EPNS1_7reactorENS1_13basic_sstringIcjLj15ELb1EEEE3$_0E9_M_invokeERKSt9_Any_data (scylla + 0x54fcb12)
#3  0x00000000056880bb _ZN7seastar12posix_thread13start_routineEPv (scylla + 0x54880bb)
#4  0x00007fb80d84a12d start_thread (libc.so.6 + 0x8b12d)
#5  0x00007fb80d8cbbc0 __clone3 (libc.so.6 + 0x10cbc0)
Stack trace of thread 6555:
#0  0x00007fb80d8ba21c read (libc.so.6 + 0xfb21c)
#1  0x00000000056fc805 _ZN7seastar11thread_pool4workENS_13basic_sstringIcjLj15ELb1EEE (scylla + 0x54fc805)
#2  0x00000000056fcb12 _ZNSt17_Function_handlerIFvvEZN7seastar11thread_poolC1EPNS1_7reactorENS1_13basic_sstringIcjLj15ELb1EEEE3$_0E9_M_invokeERKSt9_Any_data (scylla + 0x54fcb12)
#3  0x00000000056880bb _ZN7seastar12posix_thread13start_routineEPv (scylla + 0x54880bb)
#4  0x00007fb80d84a12d start_thread (libc.so.6 + 0x8b12d)
#5  0x00007fb80d8cbbc0 __clone3 (libc.so.6 + 0x10cbc0)
Stack trace of thread 6532:
#0  0x0000000005673eb6 _ZN7seastar6memory8allocateEm (scylla + 0x5473eb6)
#1  0x0000000005676706 malloc (scylla + 0x5476706)
#2  0x00000000012312c3 _ZNSt8_Rb_treeIN7seastar13basic_sstringIcjLj15ELb1EEESt4pairIKS2_S2_ESt10_Select1stIS5_ESt4lessIS2_ESaIS5_EE7_M_copyILb0ENSB_11_Alloc_nodeEEEPSt13_Rb_tree_nodeIS5_ESG_PSt18_Rb_tree_node_baseRT0_ (scylla + 0x10312c3)
#3  0x0000000005682f4b _ZSt12construct_atIN7seastar7metrics4impl11metric_infoEJRS3_EEDTgsnwcvPvLi0E_T_pispclsr3stdE7declvalIT0_EEEEPS6_DpOS7_ (scylla + 0x5482f4b)
#4  0x0000000005682e4a _ZNSt6vectorIN7seastar7metrics4impl11metric_infoESaIS3_EE17_M_realloc_insertIJRS3_EEEvN9__gnu_cxx17__normal_iteratorIPS3_S5_EEDpOT_ (scylla + 0x5482e4a)
#5  0x000000000567db44 _ZN7seastar7metrics4impl4impl24update_metrics_if_neededEv (scylla + 0x547db44)
#6  0x000000000567d21b _ZN7seastar7metrics4impl10get_valuesEv (scylla + 0x547d21b)
#7  0x000000000568adfe _ZN7seastar17smp_message_queue15async_work_itemIZZNS_10prometheusL13get_map_valueERNS2_26metrics_families_per_shardEENK3$_0clIjEEDaT_EUlvE_E15run_and_disposeEv (scylla + 0x548adfe)
#8  0x00000000056b78a5 _ZN7seastar7reactor14run_some_tasksEv (scylla + 0x54b78a5)
#9  0x00000000056b8b28 _ZN7seastar7reactor6do_runEv (scylla + 0x54b8b28)
#10 0x00000000056db2f2 _ZNSt17_Function_handlerIFvvEZN7seastar3smp9configureERKNS1_11smp_optionsERKNS1_15reactor_optionsEE4$_96E9_M_invokeERKSt9_Any_data (scylla + 0x54db2f2)
#11 0x00000000056880bb _ZN7seastar12posix_thread13start_routineEPv (scylla + 0x54880bb)
#12 0x00007fb80d84a12d start_thread (libc.so.6 + 0x8b12d)
#13 0x00007fb80d8cbbc0 __clone3 (libc.so.6 + 0x10cbc0)
Stack trace of thread 6530:
#0  0x0000000001231127 _ZNSt8_Rb_treeIN7seastar13basic_sstringIcjLj15ELb1EEESt4pairIKS2_S2_ESt10_Select1stIS5_ESt4lessIS2_ESaIS5_EE7_M_copyILb0ENSB_11_Alloc_nodeEEEPSt13_Rb_tree_nodeIS5_ESG_PSt18_Rb_tree_node_baseRT0_ (scylla + 0x1031127)
#1  0x000000000123131b _ZNSt8_Rb_treeIN7seastar13basic_sstringIcjLj15ELb1EEESt4pairIKS2_S2_ESt10_Select1stIS5_ESt4lessIS2_ESaIS5_EE7_M_copyILb0ENSB_11_Alloc_nodeEEEPSt13_Rb_tree_nodeIS5_ESG_PSt18_Rb_tree_node_baseRT0_ (scylla + 0x103131b)
#2  0x0000000005682f4b _ZSt12construct_atIN7seastar7metrics4impl11metric_infoEJRS3_EEDTgsnwcvPvLi0E_T_pispclsr3stdE7declvalIT0_EEEEPS6_DpOS7_ (scylla + 0x5482f4b)
#3  0x000000000567db31 _ZN7seastar7metrics4impl4impl24update_metrics_if_neededEv (scylla + 0x547db31)
#4  0x000000000567d21b _ZN7seastar7metrics4impl10get_valuesEv (scylla + 0x547d21b)
#5  0x000000000568adfe _ZN7seastar17smp_message_queue15async_work_itemIZZNS_10prometheusL13get_map_valueERNS2_26metrics_families_per_shardEENK3$_0clIjEEDaT_EUlvE_E15run_and_disposeEv (scylla + 0x548adfe)
#6  0x00000000056b78a5 _ZN7seastar7reactor14run_some_tasksEv (scylla + 0x54b78a5)
#7  0x00000000056b8b28 _ZN7seastar7reactor6do_runEv (scylla + 0x54b8b28)
#8  0x00000000056db2f2 _ZNSt17_Function_handlerIFvvEZN7seastar3smp9configureERKNS1_11smp_optionsERKNS1_15reactor_optionsEE4$_96E9_M_invokeERKSt9_Any_data (scylla + 0x54db2f2)
#9  0x00000000056880bb _ZN7seastar12posix_thread13start_routineEPv (scylla + 0x54880bb)
#10 0x00007fb80d84a12d start_thread (libc.so.6 + 0x8b12d)
#11 0x00007fb80d8cbbc0 __clone3 (libc.so.6 + 0x10cbc0)
Stack trace of thread 6523:
#0  0x00007fb80d8c392d syscall (libc.so.6 + 0x10492d)
#1  0x00000000057027c1 _ZN7seastar8internal13io_pgeteventsEmllPNS0_9linux_abi8io_eventEPK8timespecPK10__sigset_tb (scylla + 0x55027c1)
#2  0x00000000056fe3f5 _ZN7seastar19reactor_backend_aio12await_eventsEiPK10__sigset_t (scylla + 0x54fe3f5)
#3  0x00000000056feb10 _ZN7seastar19reactor_backend_aio23wait_and_process_eventsEPK10__sigset_t (scylla + 0x54feb10)
#4  0x00000000056b8e2d _ZN7seastar7reactor6do_runEv (scylla + 0x54b8e2d)
#5  0x00000000056b7e6a _ZN7seastar7reactor3runEv (scylla + 0x54b7e6a)
#6  0x000000000565bd86 _ZN7seastar12app_template14run_deprecatedEiPPcOSt8functionIFvvEE (scylla + 0x545bd86)
#7  0x000000000565aef9 _ZN7seastar12app_template3runEiPPcOSt8functionIFNS_6futureIiEEvEE (scylla + 0x545aef9)
#8  0x000000000122cf94 _ZL11scylla_mainiPPc (scylla + 0x102cf94)
#9  0x000000000122eb21 _ZNKSt8functionIFiiPPcEEclEiS1_ (scylla + 0x102eb21)
#10 0x000000000122b3b8 main (scylla + 0x102b3b8)
#11 0x00007fb80d7e6510 __libc_start_call_main (libc.so.6 + 0x27510)
#12 0x00007fb80d7e65c9 __libc_start_main@@GLIBC_2.34 (libc.so.6 + 0x275c9)
#13 0x0000000001228f65 _start (scylla + 0x1028f65)
Stack trace of thread 6534:
#0  0x0000000001231127 _ZNSt8_Rb_treeIN7seastar13basic_sstringIcjLj15ELb1EEESt4pairIKS2_S2_ESt10_Select1stIS5_ESt4lessIS2_ESaIS5_EE7_M_copyILb0ENSB_11_Alloc_nodeEEEPSt13_Rb_tree_nodeIS5_ESG_PSt18_Rb_tree_node_baseRT0_ (scylla + 0x1031127)
#1  0x00000000056811d3 _ZN7seastar7metrics4impl9metric_idC2ERKS2_ (scylla + 0x54811d3)
#2  0x0000000005682f0f _ZSt12construct_atIN7seastar7metrics4impl11metric_infoEJRS3_EEDTgsnwcvPvLi0E_T_pispclsr3stdE7declvalIT0_EEEEPS6_DpOS7_ (scylla + 0x5482f0f)
#3  0x0000000005682e4a _ZNSt6vectorIN7seastar7metrics4impl11metric_infoESaIS3_EE17_M_realloc_insertIJRS3_EEEvN9__gnu_cxx17__normal_iteratorIPS3_S5_EEDpOT_ (scylla + 0x5482e4a)
#4  0x000000000567db44 _ZN7seastar7metrics4impl4impl24update_metrics_if_neededEv (scylla + 0x547db44)
#5  0x000000000567d21b _ZN7seastar7metrics4impl10get_valuesEv (scylla + 0x547d21b)
#6  0x000000000568adfe _ZN7seastar17smp_message_queue15async_work_itemIZZNS_10prometheusL13get_map_valueERNS2_26metrics_families_per_shardEENK3$_0clIjEEDaT_EUlvE_E15run_and_disposeEv (scylla + 0x548adfe)
#7  0x00000000056b78a5 _ZN7seastar7reactor14run_some_tasksEv (scylla + 0x54b78a5)
#8  0x00000000056b8b28 _ZN7seastar7reactor6do_runEv (scylla + 0x54b8b28)
#9  0x00000000056db2f2 _ZNSt17_Function_handlerIFvvEZN7seastar3smp9configureERKNS1_11smp_optionsERKNS1_15reactor_optionsEE4$_96E9_M_invokeERKSt9_Any_data (scylla + 0x54db2f2)
#10 0x00000000056880bb _ZN7seastar12posix_thread13start_routineEPv (scylla + 0x54880bb)
#11 0x00007fb80d84a12d start_thread (libc.so.6 + 0x8b12d)
#12 0x00007fb80d8cbbc0 __clone3 (libc.so.6 + 0x10cbc0)
Stack trace of thread 6533:
#0  0x0000000001231127 _ZNSt8_Rb_treeIN7seastar13basic_sstringIcjLj15ELb1EEESt4pairIKS2_S2_ESt10_Select1stIS5_ESt4lessIS2_ESaIS5_EE7_M_copyILb0ENSB_11_Alloc_nodeEEEPSt13_Rb_tree_nodeIS5_ESG_PSt18_Rb_tree_node_baseRT0_ (scylla + 0x1031127)
#1  0x0000000005682f4b _ZSt12construct_atIN7seastar7metrics4impl11metric_infoEJRS3_EEDTgsnwcvPvLi0E_T_pispclsr3stdE7declvalIT0_EEEEPS6_DpOS7_ (scylla + 0x5482f4b)
#2  0x0000000005682e4a _ZNSt6vectorIN7seastar7metrics4impl11metric_infoESaIS3_EE17_M_realloc_insertIJRS3_EEEvN9__gnu_cxx17__normal_iteratorIPS3_S5_EEDpOT_ (scylla + 0x5482e4a)
#3  0x000000000567db44 _ZN7seastar7metrics4impl4impl24update_metrics_if_neededEv (scylla + 0x547db44)
#4  0x000000000567d21b _ZN7seastar7metrics4impl10get_valuesEv (scylla + 0x547d21b)
#5  0x000000000568adfe _ZN7seastar17smp_message_queue15async_work_itemIZZNS_10prometheusL13get_map_valueERNS2_26metrics_families_per_shardEENK3$_0clIjEEDaT_EUlvE_E15run_and_disposeEv (scylla + 0x548adfe)
#6  0x00000000056b78a5 _ZN7seastar7reactor14run_some_tasksEv (scylla + 0x54b78a5)
#7  0x00000000056b8b28 _ZN7seastar7reactor6do_runEv (scylla + 0x54b8b28)
#8  0x00000000056db2f2 _ZNSt17_Function_handlerIFvvEZN7seastar3smp9configureERKNS1_11smp_optionsERKNS1_15reactor_optionsEE4$_96E9_M_invokeERKSt9_Any_data (scylla + 0x54db2f2)
#9  0x00000000056880bb _ZN7seastar12posix_thread13start_routineEPv (scylla + 0x54880bb)
#10 0x00007fb80d84a12d start_thread (libc.so.6 + 0x8b12d)
#11 0x00007fb80d8cbbc0 __clone3 (libc.so.6 + 0x10cbc0)
Stack trace of thread 6540:
#0  0x0000000001231127 _ZNSt8_Rb_treeIN7seastar13basic_sstringIcjLj15ELb1EEESt4pairIKS2_S2_ESt10_Select1stIS5_ESt4lessIS2_ESaIS5_EE7_M_copyILb0ENSB_11_Alloc_nodeEEEPSt13_Rb_tree_nodeIS5_ESG_PSt18_Rb_tree_node_baseRT0_ (scylla + 0x1031127)
#1  0x00000000056811d3 _ZN7seastar7metrics4impl9metric_idC2ERKS2_ (scylla + 0x54811d3)
#2  0x0000000005682f0f _ZSt12construct_atIN7seastar7metrics4impl11metric_infoEJRS3_EEDTgsnwcvPvLi0E_T_pispclsr3stdE7declvalIT0_EEEEPS6_DpOS7_ (scylla + 0x5482f0f)
#3  0x0000000005682e4a _ZNSt6vectorIN7seastar7metrics4impl11metric_infoESaIS3_EE17_M_realloc_insertIJRS3_EEEvN9__gnu_cxx17__normal_iteratorIPS3_S5_EEDpOT_ (scylla + 0x5482e4a)
#4  0x000000000567db44 _ZN7seastar7metrics4impl4impl24update_metrics_if_neededEv (scylla + 0x547db44)
#5  0x000000000567d21b _ZN7seastar7metrics4impl10get_valuesEv (scylla + 0x547d21b)
#6  0x000000000568adfe _ZN7seastar17smp_message_queue15async_work_itemIZZNS_10prometheusL13get_map_valueERNS2_26metrics_families_per_shardEENK3$_0clIjEEDaT_EUlvE_E15run_and_disposeEv (scylla + 0x548adfe)
#7  0x00000000056b78a5 _ZN7seastar7reactor14run_some_tasksEv (scylla + 0x54b78a5)
#8  0x00000000056b8b28 _ZN7seastar7reactor6do_runEv (scylla + 0x54b8b28)
#9  0x00000000056db2f2 _ZNSt17_Function_handlerIFvvEZN7seastar3smp9configureERKNS1_11smp_optionsERKNS1_15reactor_optionsEE4$_96E9_M_invokeERKSt9_Any_data (scylla + 0x54db2f2)
#10 0x00000000056880bb _ZN7seastar12posix_thread13start_routineEPv (scylla + 0x54880bb)
#11 0x00007fb80d84a12d start_thread (libc.so.6 + 0x8b12d)
#12 0x00007fb80d8cbbc0 __clone3 (libc.so.6 + 0x10cbc0)
Stack trace of thread 6535:
#0  0x0000000001231127 _ZNSt8_Rb_treeIN7seastar13basic_sstringIcjLj15ELb1EEESt4pairIKS2_S2_ESt10_Select1stIS5_ESt4lessIS2_ESaIS5_EE7_M_copyILb0ENSB_11_Alloc_nodeEEEPSt13_Rb_tree_nodeIS5_ESG_PSt18_Rb_tree_node_baseRT0_ (scylla + 0x1031127)
#1  0x00000000012311fa _ZNSt8_Rb_treeIN7seastar13basic_sstringIcjLj15ELb1EEESt4pairIKS2_S2_ESt10_Select1stIS5_ESt4lessIS2_ESaIS5_EE7_M_copyILb0ENSB_11_Alloc_nodeEEEPSt13_Rb_tree_nodeIS5_ESG_PSt18_Rb_tree_node_baseRT0_ (scylla + 0x10311fa)
#2  0x00000000056811d3 _ZN7seastar7metrics4impl9metric_idC2ERKS2_ (scylla + 0x54811d3)
#3  0x0000000005682f0f _ZSt12construct_atIN7seastar7metrics4impl11metric_infoEJRS3_EEDTgsnwcvPvLi0E_T_pispclsr3stdE7declvalIT0_EEEEPS6_DpOS7_ (scylla + 0x5482f0f)
#4  0x000000000567db31 _ZN7seastar7metrics4impl4impl24update_metrics_if_neededEv (scylla + 0x547db31)
#5  0x000000000567d21b _ZN7seastar7metrics4impl10get_valuesEv (scylla + 0x547d21b)
#6  0x000000000568adfe _ZN7seastar17smp_message_queue15async_work_itemIZZNS_10prometheusL13get_map_valueERNS2_26metrics_families_per_shardEENK3$_0clIjEEDaT_EUlvE_E15run_and_disposeEv (scylla + 0x548adfe)
#7  0x00000000056b78a5 _ZN7seastar7reactor14run_some_tasksEv (scylla + 0x54b78a5)
#8  0x00000000056b8b28 _ZN7seastar7reactor6do_runEv (scylla + 0x54b8b28)
#9  0x00000000056db2f2 _ZNSt17_Function_handlerIFvvEZN7seastar3smp9configureERKNS1_11smp_optionsERKNS1_15reactor_optionsEE4$_96E9_M_invokeERKSt9_Any_data (scylla + 0x54db2f2)
#10 0x00000000056880bb _ZN7seastar12posix_thread13start_routineEPv (scylla + 0x54880bb)
#11 0x00007fb80d84a12d start_thread (libc.so.6 + 0x8b12d)
#12 0x00007fb80d8cbbc0 __clone3 (libc.so.6 + 0x10cbc0)
Stack trace of thread 6537:
#0  0x0000000005673b66 _ZN7seastar6memory10small_pool16add_more_objectsEv (scylla + 0x5473b66)
#1  0x0000000005673ea6 _ZN7seastar6memory8allocateEm (scylla + 0x5473ea6)
#2  0x0000000005676ae2 _Znwm (scylla + 0x5476ae2)
#3  0x000000000123111c _ZNSt8_Rb_treeIN7seastar13basic_sstringIcjLj15ELb1EEESt4pairIKS2_S2_ESt10_Select1stIS5_ESt4lessIS2_ESaIS5_EE7_M_copyILb0ENSB_11_Alloc_nodeEEEPSt13_Rb_tree_nodeIS5_ESG_PSt18_Rb_tree_node_baseRT0_ (scylla + 0x103111c)
#4  0x00000000012311fa _ZNSt8_Rb_treeIN7seastar13basic_sstringIcjLj15ELb1EEESt4pairIKS2_S2_ESt10_Select1stIS5_ESt4lessIS2_ESaIS5_EE7_M_copyILb0ENSB_11_Alloc_nodeEEEPSt13_Rb_tree_nodeIS5_ESG_PSt18_Rb_tree_node_baseRT0_ (scylla + 0x10311fa)
#5  0x00000000056811d3 _ZN7seastar7metrics4impl9metric_idC2ERKS2_ (scylla + 0x54811d3)
#6  0x0000000005682f0f _ZSt12construct_atIN7seastar7metrics4impl11metric_infoEJRS3_EEDTgsnwcvPvLi0E_T_pispclsr3stdE7declvalIT0_EEEEPS6_DpOS7_ (scylla + 0x5482f0f)
#7  0x0000000005682e4a _ZNSt6vectorIN7seastar7metrics4impl11metric_infoESaIS3_EE17_M_realloc_insertIJRS3_EEEvN9__gnu_cxx17__normal_iteratorIPS3_S5_EEDpOT_ (scylla + 0x5482e4a)
#8  0x000000000567db44 _ZN7seastar7metrics4impl4impl24update_metrics_if_neededEv (scylla + 0x547db44)
#9  0x000000000567d21b _ZN7seastar7metrics4impl10get_valuesEv (scylla + 0x547d21b)
#10 0x000000000568adfe _ZN7seastar17smp_message_queue15async_work_itemIZZNS_10prometheusL13get_map_valueERNS2_26metrics_families_per_shardEENK3$_0clIjEEDaT_EUlvE_E15run_and_disposeEv (scylla + 0x548adfe)
#11 0x00000000056b78a5 _ZN7seastar7reactor14run_some_tasksEv (scylla + 0x54b78a5)
#12 0x00000000056b8b28 _ZN7seastar7reactor6do_runEv (scylla + 0x54b8b28)
#13 0x00000000056db2f2 _ZNSt17_Function_handlerIFvvEZN7seastar3smp9configureERKNS1_11smp_optionsERKNS1_15reactor_optionsEE4$_96E9_M_invokeERKSt9_Any_data (scylla + 0x54db2f2)
#14 0x00000000056880bb _ZN7seastar12posix_thread13start_routineEPv (scylla + 0x54880bb)
#15 0x00007fb80d84a12d start_thread (libc.so.6 + 0x8b12d)
#16 0x00007fb80d8cbbc0 __clone3 (libc.so.6 + 0x10cbc0)
Stack trace of thread 6538:
#0  0x0000000005674285 _ZN7seastar6memory4freeEPv (scylla + 0x5474285)
#1  0x000000000567671b free (scylla + 0x547671b)
#2  0x0000000005663894 _ZNSt17_Function_handlerIFN7seastar7metrics4impl12metric_valueEvEZNS2_13make_functionIZNS0_15execution_stageC1ERKNS0_13basic_sstringIcjLj15ELb1EEENS0_16scheduling_groupEE3$_2vEESt8functionIS4_ET_NS2_9data_typeEEUlvE_E10_M_managerERSt9_Any_dataRKSJ_St18_Manager_operation (scylla + 0x5463894)
#3  0x000000000567d9af _ZN7seastar7metrics4impl4impl24update_metrics_if_neededEv (scylla + 0x547d9af)
#4  0x000000000567d21b _ZN7seastar7metrics4impl10get_valuesEv (scylla + 0x547d21b)
#5  0x000000000568adfe _ZN7seastar17smp_message_queue15async_work_itemIZZNS_10prometheusL13get_map_valueERNS2_26metrics_families_per_shardEENK3$_0clIjEEDaT_EUlvE_E15run_and_disposeEv (scylla + 0x548adfe)
#6  0x00000000056b78a5 _ZN7seastar7reactor14run_some_tasksEv (scylla + 0x54b78a5)
#7  0x00000000056b8b28 _ZN7seastar7reactor6do_runEv (scylla + 0x54b8b28)
#8  0x00000000056db2f2 _ZNSt17_Function_handlerIFvvEZN7seastar3smp9configureERKNS1_11smp_optionsERKNS1_15reactor_optionsEE4$_96E9_M_invokeERKSt9_Any_data (scylla + 0x54db2f2)
#9  0x00000000056880bb _ZN7seastar12posix_thread13start_routineEPv (scylla + 0x54880bb)
#10 0x00007fb80d84a12d start_thread (libc.so.6 + 0x8b12d)
#11 0x00007fb80d8cbbc0 __clone3 (libc.so.6 + 0x10cbc0)
Stack trace of thread 6536:
#0  0x00007fb80d911891 __memcpy_avx_unaligned_erms (libc.so.6 + 0x152891)
#1  0x000000000567fcb4 _ZN7seastar7metrics4impl18metric_family_infoC2ERKS2_ (scylla + 0x547fcb4)
#2  0x000000000567d9ff _ZN7seastar7metrics4impl4impl24update_metrics_if_neededEv (scylla + 0x547d9ff)
#3  0x000000000567d21b _ZN7seastar7metrics4impl10get_valuesEv (scylla + 0x547d21b)
#4  0x000000000568adfe _ZN7seastar17smp_message_queue15async_work_itemIZZNS_10prometheusL13get_map_valueERNS2_26metrics_families_per_shardEENK3$_0clIjEEDaT_EUlvE_E15run_and_disposeEv (scylla + 0x548adfe)
#5  0x00000000056b78a5 _ZN7seastar7reactor14run_some_tasksEv (scylla + 0x54b78a5)
#6  0x00000000056b8b28 _ZN7seastar7reactor6do_runEv (scylla + 0x54b8b28)
#7  0x00000000056db2f2 _ZNSt17_Function_handlerIFvvEZN7seastar3smp9configureERKNS1_11smp_optionsERKNS1_15reactor_optionsEE4$_96E9_M_invokeERKSt9_Any_data (scylla + 0x54db2f2)
#8  0x00000000056880bb _ZN7seastar12posix_thread13start_routineEPv (scylla + 0x54880bb)
#9  0x00007fb80d84a12d start_thread (libc.so.6 + 0x8b12d)
#10 0x00007fb80d8cbbc0 __clone3 (libc.so.6 + 0x10cbc0)
Stack trace of thread 6539:
#0  0x0000000005673eb6 _ZN7seastar6memory8allocateEm (scylla + 0x5473eb6)
#1  0x0000000005676706 malloc (scylla + 0x5476706)
#2  0x000000000568116c _ZN7seastar7metrics4impl9metric_idC2ERKS2_ (scylla + 0x548116c)
#3  0x0000000005682f0f _ZSt12construct_atIN7seastar7metrics4impl11metric_infoEJRS3_EEDTgsnwcvPvLi0E_T_pispclsr3stdE7declvalIT0_EEEEPS6_DpOS7_ (scylla + 0x5482f0f)
#4  0x0000000005682e4a _ZNSt6vectorIN7seastar7metrics4impl11metric_infoESaIS3_EE17_M_realloc_insertIJRS3_EEEvN9__gnu_cxx17__normal_iteratorIPS3_S5_EEDpOT_ (scylla + 0x5482e4a)
#5  0x000000000567db44 _ZN7seastar7metrics4impl4impl24update_metrics_if_neededEv (scylla + 0x547db44)
#6  0x000000000567d21b _ZN7seastar7metrics4impl10get_valuesEv (scylla + 0x547d21b)
#7  0x000000000568adfe _ZN7seastar17smp_message_queue15async_work_itemIZZNS_10prometheusL13get_map_valueERNS2_26metrics_families_per_shardEENK3$_0clIjEEDaT_EUlvE_E15run_and_disposeEv (scylla + 0x548adfe)
#8  0x00000000056b78a5 _ZN7seastar7reactor14run_some_tasksEv (scylla + 0x54b78a5)
#9  0x00000000056b8b28 _ZN7seastar7reactor6do_runEv (scylla + 0x54b8b28)
#10 0x00000000056db2f2 _ZNSt17_Function_handlerIFvvEZN7seastar3smp9configureERKNS1_11smp_optionsERKNS1_15reactor_optionsEE4$_96E9_M_invokeERKSt9_Any_data (scylla + 0x54db2f2)
#11 0x00000000056880bb _ZN7seastar12posix_thread13start_routineEPv (scylla + 0x54880bb)
#12 0x00007fb80d84a12d start_thread (libc.so.6 + 0x8b12d)
#13 0x00007fb80d8cbbc0 __clone3 (libc.so.6 + 0x10cbc0)
Stack trace of thread 6542:
#0  0x0000000001231084 _ZNSt8_Rb_treeIN7seastar13basic_sstringIcjLj15ELb1EEESt4pairIKS2_S2_ESt10_Select1stIS5_ESt4lessIS2_ESaIS5_EE8_M_eraseEPSt13_Rb_tree_nodeIS5_E (scylla + 0x1031084)
#1  0x00000000056831ee _ZNSt16allocator_traitsISaIN7seastar7metrics4impl11metric_infoEEE7destroyIS3_EEvRS4_PT_ (scylla + 0x54831ee)
#2  0x0000000005683077 _ZNSt6vectorIN7seastar7metrics4impl11metric_infoESaIS3_EE11_S_relocateEPS3_S6_S6_RS4_ (scylla + 0x5483077)
#3  0x0000000005682e5b _ZNSt6vectorIN7seastar7metrics4impl11metric_infoESaIS3_EE17_M_realloc_insertIJRS3_EEEvN9__gnu_cxx17__normal_iteratorIPS3_S5_EEDpOT_ (scylla + 0x5482e5b)
#4  0x000000000567db44 _ZN7seastar7metrics4impl4impl24update_metrics_if_neededEv (scylla + 0x547db44)
#5  0x000000000567d21b _ZN7seastar7metrics4impl10get_valuesEv (scylla + 0x547d21b)
#6  0x000000000568adfe _ZN7seastar17smp_message_queue15async_work_itemIZZNS_10prometheusL13get_map_valueERNS2_26metrics_families_per_shardEENK3$_0clIjEEDaT_EUlvE_E15run_and_disposeEv (scylla + 0x548adfe)
#7  0x00000000056b78a5 _ZN7seastar7reactor14run_some_tasksEv (scylla + 0x54b78a5)
#8  0x00000000056b8b28 _ZN7seastar7reactor6do_runEv (scylla + 0x54b8b28)
#9  0x00000000056db2f2 _ZNSt17_Function_handlerIFvvEZN7seastar3smp9configureERKNS1_11smp_optionsERKNS1_15reactor_optionsEE4$_96E9_M_invokeERKSt9_Any_data (scylla + 0x54db2f2)
#10 0x00000000056880bb _ZN7seastar12posix_thread13start_routineEPv (scylla + 0x54880bb)
#11 0x00007fb80d84a12d start_thread (libc.so.6 + 0x8b12d)
#12 0x00007fb80d8cbbc0 __clone3 (libc.so.6 + 0x10cbc0)
Stack trace of thread 6541:
#0  0x0000000005673eb6 _ZN7seastar6memory8allocateEm (scylla + 0x5473eb6)
#1  0x0000000005676706 malloc (scylla + 0x5476706)
#2  0x0000000005663ca9 _ZNSt17_Function_handlerIFN7seastar7metrics4impl12metric_valueEvEZNS2_13make_functionIZNS0_15execution_stageC1ERKNS0_13basic_sstringIcjLj15ELb1EEENS0_16scheduling_groupEE3$_5vEESt8functionIS4_ET_NS2_9data_typeEEUlvE_E10_M_managerERSt9_Any_dataRKSJ_St18_Manager_operation (scylla + 0x5463ca9)
#3  0x000000000567db92 _ZN7seastar7metrics4impl4impl24update_metrics_if_neededEv (scylla + 0x547db92)
#4  0x000000000567d21b _ZN7seastar7metrics4impl10get_valuesEv (scylla + 0x547d21b)
#5  0x000000000568adfe _ZN7seastar17smp_message_queue15async_work_itemIZZNS_10prometheusL13get_map_valueERNS2_26metrics_families_per_shardEENK3$_0clIjEEDaT_EUlvE_E15run_and_disposeEv (scylla + 0x548adfe)
#6  0x00000000056b78a5 _ZN7seastar7reactor14run_some_tasksEv (scylla + 0x54b78a5)
#7  0x00000000056b8b28 _ZN7seastar7reactor6do_runEv (scylla + 0x54b8b28)
#8  0x00000000056db2f2 _ZNSt17_Function_handlerIFvvEZN7seastar3smp9configureERKNS1_11smp_optionsERKNS1_15reactor_optionsEE4$_96E9_M_invokeERKSt9_Any_data (scylla + 0x54db2f2)
#9  0x00000000056880bb _ZN7seastar12posix_thread13start_routineEPv (scylla + 0x54880bb)
#10 0x00007fb80d84a12d start_thread (libc.so.6 + 0x8b12d)
#11 0x00007fb80d8cbbc0 __clone3 (libc.so.6 + 0x10cbc0)
download_instructions=gsutil cp gs://upload.scylladb.com/core.scylla.113.d2dca2571acc4be5b78417a29251d52a.6523.1688280453000000/core.scylla.113.d2dca2571acc4be5b78417a29251d52a.6523.1688280453000000.gz .
gunzip /var/lib/systemd/coredump/core.scylla.113.d2dca2571acc4be5b78417a29251d52a.6523.1688280453000000.gz
```

**Comment by mykaul** [comment]
Something that has to do with metrics and allocation... ?

**Comment by DoronArazii** [comment]
@xemul can you please check this

**Comment by xemul** [comment]
From node-9 logs:

```
2023-07-02T06:46:55+00:00 !INFO | scylla[6184]:  [shard  2] database - Loaded 14 SSTables
2023-07-02T06:46:55+00:00 !INFO | scylla[6184]:  [shard  2] sstables_loader - Done loading new SSTables for keyspace=keyspace1, table=standard1, load_and_stream=false, primary_replica_onl>
2023-07-02T06:46:56+00:00 !INFO | scylla[6184]:  [shard  2] compaction - [Compact keyspace1.standard1 3c077950-18a4-11ee-ac0c-72a7d44b2753] Compacted 2 sstables to [/var/lib/scylla/data/k>
2023-07-02T06:47:05+00:00 !INFO | scylla[6184]: Segmentation fault on shard 2.
```

**Comment by xemul** [comment]
```
(gdb) scylla shard 2
Switched to thread 1
(gdb) bt
#0  seastar::memory::small_pool::allocate (this=<optimized out>) at ./seastar/src/core/memory.cc:1267
#1  seastar::memory::cpu_pages::allocate_small (this=<optimized out>, size=31) at ./seastar/src/core/memory.cc:875
#2  seastar::memory::allocate (size=31) at ./seastar/src/core/memory.cc:1424
#3  0x0000000005676706 in malloc (n=7) at ./seastar/src/core/memory.cc:1892
#4  0x000000000567fc8e in seastar::basic_sstring<char, unsigned int, 15u, true>::basic_sstring (this=0x7fb80abd2ca8, x=...) at ./seastar/include/seastar/core/sstring.hh:136
#5  seastar::metrics::impl::metric_family_info::metric_family_info (this=this@entry=0x7fb80abd2c80) at ./seastar/include/seastar/core/metrics_api.hh:177
#6  0x000000000567d9ff in seastar::metrics::impl::impl::update_metrics_if_needed (this=this@entry=0x60c0000dce10) at ./seastar/src/core/metrics.cc:413
#7  0x000000000567d21b in seastar::metrics::impl::impl::metadata (this=0x60c0000dce10) at ./seastar/src/core/metrics.cc:425
#8  seastar::metrics::impl::get_values () at ./seastar/src/core/metrics.cc:367
#9  0x000000000568adfe in seastar::prometheus::get_map_value(seastar::prometheus::metrics_families_per_shard&)::$_0::operator()<unsigned int>(unsigned int) const::{lambda()#1}::operator()() const (this=<optimized out>)
    at ./seastar/src/core/prometheus.cc:224
#10 seastar::futurize<seastar::foreign_ptr<seastar::shared_ptr<seastar::metrics::impl::values_copy> > >::invoke<seastar::prometheus::get_map_value(seastar::prometheus::metrics_families_per_shard&)::$_0::operator()<unsigned int>(unsigned int) const::{lambda()#1}&>(seastar::prometheus::get_map_value(seastar::prometheus::metrics_families_per_shard&)::$_0::operator()<unsigned int>(unsigned int) const::{lambda()#1}&) (func=...) at ./seastar/include/seastar/core/future.hh:2008
#11 seastar::smp_message_queue::async_work_item<seastar::prometheus::get_map_value(seastar::prometheus::metrics_families_per_shard&)::$_0::operator()<unsigned int>(unsigned int) const::{lambda()#1}>::run_and_dispose() (
    this=0x600009edd280) at ./seastar/include/seastar/core/smp.hh:255
#12 0x00000000056b78a5 in seastar::reactor::run_tasks (this=0x60c0000c6000, tq=...) at ./seastar/src/core/reactor.cc:2590
#13 seastar::reactor::run_some_tasks (this=this@entry=0x60c0000c6000) at ./seastar/src/core/reactor.cc:3053
#14 0x00000000056b8b28 in seastar::reactor::do_run (this=0x60c0000c6000) at ./seastar/src/core/reactor.cc:3222
#15 0x00000000056db2f2 in seastar::smp::configure(seastar::smp_options const&, seastar::reactor_options const&)::$_96::operator()() const (this=0x6000001d5c40) at ./seastar/src/core/reactor.cc:4426
#16 std::__invoke_impl<void, seastar::smp::configure(seastar::smp_options const&, seastar::reactor_options const&)::$_96&>(std::__invoke_other, seastar::smp::configure(seastar::smp_options const&, seastar::reactor_options const&)::$_96&)
    (__f=...) at /usr/bin/../lib/gcc/x86_64-redhat-linux/12/../../../../include/c++/12/bits/invoke.h:61
#17 std::__invoke_r<void, seastar::smp::configure(seastar::smp_options const&, seastar::reactor_options const&)::$_96&>(seastar::smp::configure(seastar::smp_options const&, seastar::reactor_options const&)::$_96&) (__fn=...)
    at /usr/bin/../lib/gcc/x86_64-redhat-linux/12/../../../../include/c++/12/bits/invoke.h:111
#18 std::_Function_handler<void (), seastar::smp::configure(seastar::smp_options const&, seastar::reactor_options const&)::$_96>::_M_invoke(std::_Any_data const&) (__functor=...)
    at /usr/bin/../lib/gcc/x86_64-redhat-linux/12/../../../../include/c++/12/bits/std_function.h:290
#19 0x00000000056880bb in std::function<void ()>::operator()() const (this=0x7) at /usr/bin/../lib/gcc/x86_64-redhat-linux/12/../../../../include/c++/12/bits/std_function.h:591
#20 seastar::posix_thread::start_routine (arg=0x7) at ./seastar/src/core/posix.cc:90
#21 0x00007fb80d84a12d in start_thread () from /opt/scylladb/libreloc/libc.so.6
#22 0x00007fb80d8cbbc0 in clone3 () from /opt/scylladb/libreloc/libc.so.6

```

**Comment by xemul** [comment]
```
void*
small_pool::allocate() {
    if (!_free) {
        add_more_objects();
    }
    if (!_free) {
        return nullptr;
    }
    auto* obj = _free;
    _free = _free->next;  // <-------------- HERE
    --_free_count;
    return obj;
}
```

**Comment by xemul** [comment]
```
(gdb) disassemble $rip
Dump of assembler code for function _ZN7seastar6memory8allocateEm:
   ...
   0x0000000005673ead <+157>:	je     0x5673f3d <_ZN7seastar6memory8allocateEm+301>
=> 0x0000000005673eb3 <+163>:	mov    (%rax),%rcx
   0x0000000005673eb6 <+166>:	mov    %rcx,(%r12)
   ...
(gdb) info registers 
rax            0x60c008c952400800  6971581883930904576
...
```

**Comment by xemul** [comment]
As if it's "correct" value of `0x60c008c95240` was `x = (x << 16) | (1 << 11)`

**Comment by xemul** [comment]
The `small_pool` itself is at `0x7fb80abe4870`
```
(gdb) x/32x 0x7fb80abe4870
0x7fb80abe4870:	0x0000010100000020	0x60c008c952400800
0x7fb80abe4880:	0x000000000000009a	0x0000010000000080
0x7fb80abe4890:	0x00003bcd0000002e	0x000000000000911f
```

**Comment by xemul** [comment]
@fgelcer , mostly out-of-curiosity -- is it possible to re-run the same test over debug build of scylla?

**Comment by xemul** [comment]
node-11 crashes in the same place, but the corruption pattern differs a bit:

```
(gdb) scylla shard 2
Switched to thread 1
(gdb) bt
#0  seastar::memory::small_pool::allocate (this=<optimized out>) at ./seastar/src/core/memory.cc:1267
#1  seastar::memory::cpu_pages::allocate_small (this=<optimized out>, size=32) at ./seastar/src/core/memory.cc:875
#2  seastar::memory::allocate (size=32) at ./seastar/src/core/memory.cc:1424
#3  0x0000000005676ae2 in operator new (size=3) at ./seastar/src/core/memory.cc:2110
#4  0x0000000002dcda44 in std::__new_allocator<managed_bytes_basic_view<(mutable_view)0> >::allocate (__n=1, this=<optimized out>) at /usr/bin/../lib/gcc/x86_64-redhat-linux/12/../../../../include/c++/12/bits/new_allocator.h:137
#5  std::allocator<managed_bytes_basic_view<(mutable_view)0> >::allocate (__n=1, this=<optimized out>) at /usr/bin/../lib/gcc/x86_64-redhat-linux/12/../../../../include/c++/12/bits/allocator.h:188
#6  std::allocator_traits<std::allocator<managed_bytes_basic_view<(mutable_view)0> > >::allocate (__n=1, __a=...) at /usr/bin/../lib/gcc/x86_64-redhat-linux/12/../../../../include/c++/12/bits/alloc_traits.h:464
#7  std::_Vector_base<managed_bytes_basic_view<(mutable_view)0>, std::allocator<managed_bytes_basic_view<(mutable_view)0> > >::_M_allocate (__n=1, this=<optimized out>)
    at /usr/bin/../lib/gcc/x86_64-redhat-linux/12/../../../../include/c++/12/bits/stl_vector.h:378
#8  std::vector<managed_bytes_basic_view<(mutable_view)0>, std::allocator<managed_bytes_basic_view<(mutable_view)0> > >::_M_realloc_insert<managed_bytes_basic_view<(mutable_view)0> const&> (__position=..., __args=..., 
    this=<optimized out>) at /usr/bin/../lib/gcc/x86_64-redhat-linux/12/../../../../include/c++/12/bits/vector.tcc:453
#9  std::vector<managed_bytes_basic_view<(mutable_view)0>, std::allocator<managed_bytes_basic_view<(mutable_view)0> > >::emplace_back<managed_bytes_basic_view<(mutable_view)0> const&> (__args=..., this=<optimized out>)
    at /usr/bin/../lib/gcc/x86_64-redhat-linux/12/../../../../include/c++/12/bits/vector.tcc:123
#10 std::vector<managed_bytes_basic_view<(mutable_view)0>, std::allocator<managed_bytes_basic_view<(mutable_view)0> > >::_M_range_initialize<compound_type<(allow_prefixes)0>::iterator> (__first=..., __last=..., this=<optimized out>)
    at /usr/bin/../lib/gcc/x86_64-redhat-linux/12/../../../../include/c++/12/bits/stl_vector.h:1668
#11 std::vector<managed_bytes_basic_view<(mutable_view)0>, std::allocator<managed_bytes_basic_view<(mutable_view)0> > >::vector<compound_type<(allow_prefixes)0>::iterator, void> (__last=..., this=<optimized out>, __first=..., __a=...)
    at /usr/bin/../lib/gcc/x86_64-redhat-linux/12/../../../../include/c++/12/bits/stl_vector.h:706
#12 compound_type<(allow_prefixes)0>::validate (this=0x604003b8f338, v=...) at ./compound.hh:273
#13 partition_key_view::validate (this=<optimized out>, s=...) at ./keys.hh:669
#14 validation::is_cql_key_invalid (schema=..., key=...) at validation.cc:36
#15 0x0000000002dce1da in validation::validate_cql_key (schema=..., key=...) at validation.cc:46
...

(gdb) disassemble $rip
Dump of assembler code for function _ZN7seastar6memory8allocateEm:
   ...
   0x0000000005673ead <+157>:	je     0x5673f3d <_ZN7seastar6memory8allocateEm+301>
=> 0x0000000005673eb3 <+163>:	mov    (%rax),%rcx
   0x0000000005673eb6 <+166>:	mov    %rcx,(%r12)
   ...

(gdb) info registers 
rax            0x604008aa76000900  6935552954367740160
```

```
_free = (_free << 16) | (1 << 11) | (1 << 8)
```

**Comment by fgelcer** [comment]
> @fgelcer , mostly out-of-curiosity -- is it possible to re-run the same test over debug build of scylla?

sure it is... giving to the job any AMI you want will make the trick... if you want to start an AMI with specific code too, it is also possible, we will just need to build an image using one of the Releng jobs... @yaronkaikov may be able to assist in here

**Comment by xemul** [comment]
Candidate for `foo.bar = (foo.bar << 16) | value` is hasher code :skull:

**Comment by tchaikov** [comment]
could be. see https://github.com/gcc-mirror/gcc/blob/104b09005229ef48a79a33511ea192bb3ec3c415/libstdc%2B%2B-v3/libsupc%2B%2B/hash_bytes.cc . but it massages the bit in a little bit different way.

**Comment by raphaelsc** [comment]
Root cause was already found at https://github.com/scylladb/scylladb/issues/14618

**Comment by denesb** [comment]
Fixed by a revert, not backporting.
